f:\grpc\grpcsource\grpc\.build\grpcpp_channelz.dir\release\channelz_service_plugin.obj
f:\grpc\grpcsource\grpc\.build\grpcpp_channelz.dir\release\channelz_service.obj
f:\grpc\grpcsource\grpc\.build\grpcpp_channelz.dir\release\channelz.grpc.pb.obj
f:\grpc\grpcsource\grpc\.build\grpcpp_channelz.dir\release\channelz.pb.obj
f:\grpc\grpcsource\grpc\.build\gens\src\proto\grpc\channelz\channelz.grpc.pb.cc
f:\grpc\grpcsource\grpc\.build\gens\src\proto\grpc\channelz\channelz.grpc.pb.h
f:\grpc\grpcsource\grpc\.build\gens\src\proto\grpc\channelz\channelz_mock.grpc.pb.h
f:\grpc\grpcsource\grpc\.build\gens\src\proto\grpc\channelz\channelz.pb.cc
f:\grpc\grpcsource\grpc\.build\gens\src\proto\grpc\channelz\channelz.pb.h
f:\grpc\grpcsource\grpc\.build\cmakefiles\generate.stamp
f:\grpc\grpcsource\grpc\.build\release\grpcpp_channelz.lib
f:\grpc\grpcsource\grpc\.build\grpcpp_channelz.dir\release\grpcpp_channelz.tlog\cl.command.1.tlog
f:\grpc\grpcsource\grpc\.build\grpcpp_channelz.dir\release\grpcpp_channelz.tlog\cl.read.1.tlog
f:\grpc\grpcsource\grpc\.build\grpcpp_channelz.dir\release\grpcpp_channelz.tlog\cl.write.1.tlog
f:\grpc\grpcsource\grpc\.build\grpcpp_channelz.dir\release\grpcpp_channelz.tlog\custombuild.command.1.tlog
f:\grpc\grpcsource\grpc\.build\grpcpp_channelz.dir\release\grpcpp_channelz.tlog\custombuild.read.1.tlog
f:\grpc\grpcsource\grpc\.build\grpcpp_channelz.dir\release\grpcpp_channelz.tlog\custombuild.write.1.tlog
f:\grpc\grpcsource\grpc\.build\grpcpp_channelz.dir\release\grpcpp_channelz.tlog\lib-link.read.1.tlog
f:\grpc\grpcsource\grpc\.build\grpcpp_channelz.dir\release\grpcpp_channelz.tlog\lib-link.write.1.tlog
f:\grpc\grpcsource\grpc\.build\grpcpp_channelz.dir\release\grpcpp_channelz.tlog\lib.command.1.tlog
