f:\grpc\grpcsource\grpc\.build\grpc_unsecure.dir\release\grpclb_balancer_addresses.obj
f:\grpc\grpcsource\grpc\.build\grpc_unsecure.dir\release\grpclb.obj
f:\grpc\grpcsource\grpc\.build\grpc_unsecure.dir\release\client_load_reporting_filter.obj
f:\grpc\grpcsource\grpc\.build\grpc_unsecure.dir\release\child_policy_handler.obj
f:\grpc\grpcsource\grpc\.build\grpc_unsecure.dir\release\address_filtering.obj
f:\grpc\grpcsource\grpc\.build\grpc_unsecure.dir\release\lb_policy.obj
f:\grpc\grpcsource\grpc\.build\grpc_unsecure.dir\release\http_proxy.obj
f:\grpc\grpcsource\grpc\.build\grpc_unsecure.dir\release\http_connect_handshaker.obj
f:\grpc\grpcsource\grpc\.build\grpc_unsecure.dir\release\health_check_client.obj
f:\grpc\grpcsource\grpc\.build\grpc_unsecure.dir\release\global_subchannel_pool.obj
f:\grpc\grpcsource\grpc\.build\grpc_unsecure.dir\release\dynamic_filters.obj
f:\grpc\grpcsource\grpc\.build\grpc_unsecure.dir\release\config_selector.obj
f:\grpc\grpcsource\grpc\.build\grpc_unsecure.dir\release\client_channel_plugin.obj
f:\grpc\grpcsource\grpc\.build\grpc_unsecure.dir\release\client_channel_factory.obj
f:\grpc\grpcsource\grpc\.build\grpc_unsecure.dir\release\client_channel_channelz.obj
f:\grpc\grpcsource\grpc\.build\grpc_unsecure.dir\release\client_channel.obj
f:\grpc\grpcsource\grpc\.build\grpc_unsecure.dir\release\channel_connectivity.obj
f:\grpc\grpcsource\grpc\.build\grpc_unsecure.dir\release\backup_poller.obj
f:\grpc\grpcsource\grpc\.build\grpc_unsecure.dir\release\backend_metric.obj
f:\grpc\grpcsource\grpc\.build\grpc_unsecure.dir\release\grpc_context.obj
f:\grpc\grpcsource\grpc\.build\grpc_unsecure.dir\release\dns_resolver_selection.obj
f:\grpc\grpcsource\grpc\.build\grpc_unsecure.dir\release\grpc_ares_wrapper_windows.obj
f:\grpc\grpcsource\grpc\.build\grpc_unsecure.dir\release\grpc_ares_wrapper_posix.obj
f:\grpc\grpcsource\grpc\.build\grpc_unsecure.dir\release\grpc_ares_wrapper_libuv.obj
f:\grpc\grpcsource\grpc\.build\grpc_unsecure.dir\release\grpc_ares_wrapper.obj
f:\grpc\grpcsource\grpc\.build\grpc_unsecure.dir\release\grpc_ares_ev_driver_windows.obj
f:\grpc\grpcsource\grpc\.build\grpc_unsecure.dir\release\grpc_ares_ev_driver_posix.obj
f:\grpc\grpcsource\grpc\.build\grpc_unsecure.dir\release\grpc_ares_ev_driver_libuv.obj
f:\grpc\grpcsource\grpc\.build\grpc_unsecure.dir\release\dns_resolver_ares.obj
f:\grpc\grpcsource\grpc\.build\grpc_unsecure.dir\release\resolver.obj
f:\grpc\grpcsource\grpc\.build\grpc_unsecure.dir\release\proxy_mapper_registry.obj
f:\grpc\grpcsource\grpc\.build\grpc_unsecure.dir\release\local_subchannel_pool.obj
f:\grpc\grpcsource\grpc\.build\grpc_unsecure.dir\release\lb_policy_registry.obj
f:\grpc\grpcsource\grpc\.build\grpc_unsecure.dir\release\weighted_target.obj
f:\grpc\grpcsource\grpc\.build\grpc_unsecure.dir\release\round_robin.obj
f:\grpc\grpcsource\grpc\.build\grpc_unsecure.dir\release\priority.obj
f:\grpc\grpcsource\grpc\.build\grpc_unsecure.dir\release\pick_first.obj
f:\grpc\grpcsource\grpc\.build\grpc_unsecure.dir\release\load_balancer_api.obj
f:\grpc\grpcsource\grpc\.build\grpc_unsecure.dir\release\grpclb_client_stats.obj
f:\grpc\grpcsource\grpc\.build\grpc_unsecure.dir\release\grpclb_channel.obj
f:\grpc\grpcsource\grpc\.build\grpc_unsecure.dir\release\http_server_filter.obj
f:\grpc\grpcsource\grpc\.build\grpc_unsecure.dir\release\message_decompress_filter.obj
f:\grpc\grpcsource\grpc\.build\grpc_unsecure.dir\release\message_compress_filter.obj
f:\grpc\grpcsource\grpc\.build\grpc_unsecure.dir\release\http_filters_plugin.obj
f:\grpc\grpcsource\grpc\.build\grpc_unsecure.dir\release\client_authority_filter.obj
f:\grpc\grpcsource\grpc\.build\grpc_unsecure.dir\release\http_client_filter.obj
f:\grpc\grpcsource\grpc\.build\grpc_unsecure.dir\release\deadline_filter.obj
f:\grpc\grpcsource\grpc\.build\grpc_unsecure.dir\release\client_idle_filter.obj
f:\grpc\grpcsource\grpc\.build\grpc_unsecure.dir\release\subchannel_pool_interface.obj
f:\grpc\grpcsource\grpc\.build\grpc_unsecure.dir\release\subchannel.obj
f:\grpc\grpcsource\grpc\.build\grpc_unsecure.dir\release\service_config_parser.obj
f:\grpc\grpcsource\grpc\.build\grpc_unsecure.dir\release\service_config_channel_arg_filter.obj
f:\grpc\grpcsource\grpc\.build\grpc_unsecure.dir\release\service_config.obj
f:\grpc\grpcsource\grpc\.build\grpc_unsecure.dir\release\server_address.obj
f:\grpc\grpcsource\grpc\.build\grpc_unsecure.dir\release\retry_throttle.obj
f:\grpc\grpcsource\grpc\.build\grpc_unsecure.dir\release\resolver_result_parsing.obj
f:\grpc\grpcsource\grpc\.build\grpc_unsecure.dir\release\resolver_registry.obj
f:\grpc\grpcsource\grpc\.build\grpc_unsecure.dir\release\sockaddr_resolver.obj
f:\grpc\grpcsource\grpc\.build\grpc_unsecure.dir\release\fake_resolver.obj
f:\grpc\grpcsource\grpc\.build\grpc_unsecure.dir\release\dns_resolver.obj
f:\grpc\grpcsource\grpc\.build\grpc_unsecure.dir\release\frame_goaway.obj
f:\grpc\grpcsource\grpc\.build\grpc_unsecure.dir\release\frame_data.obj
f:\grpc\grpcsource\grpc\.build\grpc_unsecure.dir\release\flow_control.obj
f:\grpc\grpcsource\grpc\.build\grpc_unsecure.dir\release\context_list.obj
f:\grpc\grpcsource\grpc\.build\grpc_unsecure.dir\release\chttp2_transport.obj
f:\grpc\grpcsource\grpc\.build\grpc_unsecure.dir\release\chttp2_plugin.obj
f:\grpc\grpcsource\grpc\.build\grpc_unsecure.dir\release\bin_encoder.obj
f:\grpc\grpcsource\grpc\.build\grpc_unsecure.dir\release\bin_decoder.obj
f:\grpc\grpcsource\grpc\.build\grpc_unsecure.dir\release\server_chttp2_posix.obj
f:\grpc\grpcsource\grpc\.build\grpc_unsecure.dir\release\server_chttp2.obj
f:\grpc\grpcsource\grpc\.build\grpc_unsecure.dir\release\chttp2_server.obj
f:\grpc\grpcsource\grpc\.build\grpc_unsecure.dir\release\channel_create_posix.obj
f:\grpc\grpcsource\grpc\.build\grpc_unsecure.dir\release\channel_create.obj
f:\grpc\grpcsource\grpc\.build\grpc_unsecure.dir\release\chttp2_connector.obj
f:\grpc\grpcsource\grpc\.build\grpc_unsecure.dir\release\authority.obj
f:\grpc\grpcsource\grpc\.build\grpc_unsecure.dir\release\alpn.obj
f:\grpc\grpcsource\grpc\.build\grpc_unsecure.dir\release\workaround_utils.obj
f:\grpc\grpcsource\grpc\.build\grpc_unsecure.dir\release\workaround_cronet_compression_filter.obj
f:\grpc\grpcsource\grpc\.build\grpc_unsecure.dir\release\message_size_filter.obj
f:\grpc\grpcsource\grpc\.build\grpc_unsecure.dir\release\max_age_filter.obj
f:\grpc\grpcsource\grpc\.build\grpc_unsecure.dir\release\channel_args.obj
f:\grpc\grpcsource\grpc\.build\grpc_unsecure.dir\release\backoff.obj
f:\grpc\grpcsource\grpc\.build\grpc_unsecure.dir\release\avl.obj
f:\grpc\grpcsource\grpc\.build\grpc_unsecure.dir\release\inproc_transport.obj
f:\grpc\grpcsource\grpc\.build\grpc_unsecure.dir\release\inproc_plugin.obj
f:\grpc\grpcsource\grpc\.build\grpc_unsecure.dir\release\writing.obj
f:\grpc\grpcsource\grpc\.build\grpc_unsecure.dir\release\varint.obj
f:\grpc\grpcsource\grpc\.build\grpc_unsecure.dir\release\stream_map.obj
f:\grpc\grpcsource\grpc\.build\grpc_unsecure.dir\release\stream_lists.obj
f:\grpc\grpcsource\grpc\.build\grpc_unsecure.dir\release\parsing.obj
f:\grpc\grpcsource\grpc\.build\grpc_unsecure.dir\release\incoming_metadata.obj
f:\grpc\grpcsource\grpc\.build\grpc_unsecure.dir\release\huffsyms.obj
f:\grpc\grpcsource\grpc\.build\grpc_unsecure.dir\release\http2_settings.obj
f:\grpc\grpcsource\grpc\.build\grpc_unsecure.dir\release\hpack_table.obj
f:\grpc\grpcsource\grpc\.build\grpc_unsecure.dir\release\hpack_parser.obj
f:\grpc\grpcsource\grpc\.build\grpc_unsecure.dir\release\hpack_encoder.obj
f:\grpc\grpcsource\grpc\.build\grpc_unsecure.dir\release\frame_window_update.obj
f:\grpc\grpcsource\grpc\.build\grpc_unsecure.dir\release\frame_settings.obj
f:\grpc\grpcsource\grpc\.build\grpc_unsecure.dir\release\frame_rst_stream.obj
f:\grpc\grpcsource\grpc\.build\grpc_unsecure.dir\release\frame_ping.obj
f:\grpc\grpcsource\grpc\.build\grpc_unsecure.dir\release\format_request.obj
f:\grpc\grpcsource\grpc\.build\grpc_unsecure.dir\release\trace.obj
f:\grpc\grpcsource\grpc\.build\grpc_unsecure.dir\release\stats_data.obj
f:\grpc\grpcsource\grpc\.build\grpc_unsecure.dir\release\stats.obj
f:\grpc\grpcsource\grpc\.build\grpc_unsecure.dir\release\stream_compression_identity.obj
f:\grpc\grpcsource\grpc\.build\grpc_unsecure.dir\release\stream_compression_gzip.obj
f:\grpc\grpcsource\grpc\.build\grpc_unsecure.dir\release\stream_compression.obj
f:\grpc\grpcsource\grpc\.build\grpc_unsecure.dir\release\message_compress.obj
f:\grpc\grpcsource\grpc\.build\grpc_unsecure.dir\release\compression_internal.obj
f:\grpc\grpcsource\grpc\.build\grpc_unsecure.dir\release\compression_args.obj
f:\grpc\grpcsource\grpc\.build\grpc_unsecure.dir\release\compression.obj
f:\grpc\grpcsource\grpc\.build\grpc_unsecure.dir\release\status_util.obj
f:\grpc\grpcsource\grpc\.build\grpc_unsecure.dir\release\handshaker_registry.obj
f:\grpc\grpcsource\grpc\.build\grpc_unsecure.dir\release\handshaker.obj
f:\grpc\grpcsource\grpc\.build\grpc_unsecure.dir\release\connected_channel.obj
f:\grpc\grpcsource\grpc\.build\grpc_unsecure.dir\release\channelz_registry.obj
f:\grpc\grpcsource\grpc\.build\grpc_unsecure.dir\release\channelz.obj
f:\grpc\grpcsource\grpc\.build\grpc_unsecure.dir\release\channel_trace.obj
f:\grpc\grpcsource\grpc\.build\grpc_unsecure.dir\release\channel_stack_builder.obj
f:\grpc\grpcsource\grpc\.build\grpc_unsecure.dir\release\channel_stack.obj
f:\grpc\grpcsource\grpc\.build\grpc_unsecure.dir\release\ev_windows.obj
f:\grpc\grpcsource\grpc\.build\grpc_unsecure.dir\release\ev_posix.obj
f:\grpc\grpcsource\grpc\.build\grpc_unsecure.dir\release\ev_poll_posix.obj
f:\grpc\grpcsource\grpc\.build\grpc_unsecure.dir\release\ev_epollex_linux.obj
f:\grpc\grpcsource\grpc\.build\grpc_unsecure.dir\release\ev_epoll1_linux.obj
f:\grpc\grpcsource\grpc\.build\grpc_unsecure.dir\release\ev_apple.obj
f:\grpc\grpcsource\grpc\.build\grpc_unsecure.dir\release\error_cfstream.obj
f:\grpc\grpcsource\grpc\.build\grpc_unsecure.dir\release\error.obj
f:\grpc\grpcsource\grpc\.build\grpc_unsecure.dir\release\endpoint_pair_windows.obj
f:\grpc\grpcsource\grpc\.build\grpc_unsecure.dir\release\endpoint_pair_uv.obj
f:\grpc\grpcsource\grpc\.build\grpc_unsecure.dir\release\endpoint_pair_posix.obj
f:\grpc\grpcsource\grpc\.build\grpc_unsecure.dir\release\endpoint_cfstream.obj
f:\grpc\grpcsource\grpc\.build\grpc_unsecure.dir\release\endpoint.obj
f:\grpc\grpcsource\grpc\.build\grpc_unsecure.dir\release\dualstack_socket_posix.obj
f:\grpc\grpcsource\grpc\.build\grpc_unsecure.dir\release\combiner.obj
f:\grpc\grpcsource\grpc\.build\grpc_unsecure.dir\release\cfstream_handle.obj
f:\grpc\grpcsource\grpc\.build\grpc_unsecure.dir\release\call_combiner.obj
f:\grpc\grpcsource\grpc\.build\grpc_unsecure.dir\release\buffer_list.obj
f:\grpc\grpcsource\grpc\.build\grpc_unsecure.dir\release\parser.obj
f:\grpc\grpcsource\grpc\.build\grpc_unsecure.dir\release\httpcli.obj
f:\grpc\grpcsource\grpc\.build\grpc_unsecure.dir\release\iomgr_windows.obj
f:\grpc\grpcsource\grpc\.build\grpc_unsecure.dir\release\iomgr_uv.obj
f:\grpc\grpcsource\grpc\.build\grpc_unsecure.dir\release\iomgr_posix_cfstream.obj
f:\grpc\grpcsource\grpc\.build\grpc_unsecure.dir\release\iomgr_posix.obj
f:\grpc\grpcsource\grpc\.build\grpc_unsecure.dir\release\iomgr_internal.obj
f:\grpc\grpcsource\grpc\.build\grpc_unsecure.dir\release\iomgr_custom.obj
f:\grpc\grpcsource\grpc\.build\grpc_unsecure.dir\release\iomgr.obj
f:\grpc\grpcsource\grpc\.build\grpc_unsecure.dir\release\iocp_windows.obj
f:\grpc\grpcsource\grpc\.build\grpc_unsecure.dir\release\internal_errqueue.obj
f:\grpc\grpcsource\grpc\.build\grpc_unsecure.dir\release\grpc_if_nametoindex_unsupported.obj
f:\grpc\grpcsource\grpc\.build\grpc_unsecure.dir\release\grpc_if_nametoindex_posix.obj
f:\grpc\grpcsource\grpc\.build\grpc_unsecure.dir\release\gethostname_sysconf.obj
f:\grpc\grpcsource\grpc\.build\grpc_unsecure.dir\release\gethostname_host_name_max.obj
f:\grpc\grpcsource\grpc\.build\grpc_unsecure.dir\release\gethostname_fallback.obj
f:\grpc\grpcsource\grpc\.build\grpc_unsecure.dir\release\fork_windows.obj
f:\grpc\grpcsource\grpc\.build\grpc_unsecure.dir\release\fork_posix.obj
f:\grpc\grpcsource\grpc\.build\grpc_unsecure.dir\release\threadpool.obj
f:\grpc\grpcsource\grpc\.build\grpc_unsecure.dir\release\mpmcqueue.obj
f:\grpc\grpcsource\grpc\.build\grpc_unsecure.dir\release\executor.obj
f:\grpc\grpcsource\grpc\.build\grpc_unsecure.dir\release\exec_ctx.obj
f:\grpc\grpcsource\grpc\.build\grpc_unsecure.dir\release\socket_factory_posix.obj
f:\grpc\grpcsource\grpc\.build\grpc_unsecure.dir\release\sockaddr_utils.obj
f:\grpc\grpcsource\grpc\.build\grpc_unsecure.dir\release\resource_quota.obj
f:\grpc\grpcsource\grpc\.build\grpc_unsecure.dir\release\resolve_address_windows.obj
f:\grpc\grpcsource\grpc\.build\grpc_unsecure.dir\release\resolve_address_posix.obj
f:\grpc\grpcsource\grpc\.build\grpc_unsecure.dir\release\resolve_address_custom.obj
f:\grpc\grpcsource\grpc\.build\grpc_unsecure.dir\release\resolve_address.obj
f:\grpc\grpcsource\grpc\.build\grpc_unsecure.dir\release\pollset_windows.obj
f:\grpc\grpcsource\grpc\.build\grpc_unsecure.dir\release\pollset_uv.obj
f:\grpc\grpcsource\grpc\.build\grpc_unsecure.dir\release\pollset_set_windows.obj
f:\grpc\grpcsource\grpc\.build\grpc_unsecure.dir\release\pollset_set_custom.obj
f:\grpc\grpcsource\grpc\.build\grpc_unsecure.dir\release\pollset_set.obj
f:\grpc\grpcsource\grpc\.build\grpc_unsecure.dir\release\pollset_custom.obj
f:\grpc\grpcsource\grpc\.build\grpc_unsecure.dir\release\pollset.obj
f:\grpc\grpcsource\grpc\.build\grpc_unsecure.dir\release\polling_entity.obj
f:\grpc\grpcsource\grpc\.build\grpc_unsecure.dir\release\eventmanager_libuv.obj
f:\grpc\grpcsource\grpc\.build\grpc_unsecure.dir\release\parse_address.obj
f:\grpc\grpcsource\grpc\.build\grpc_unsecure.dir\release\lockfree_event.obj
f:\grpc\grpcsource\grpc\.build\grpc_unsecure.dir\release\load_file.obj
f:\grpc\grpcsource\grpc\.build\grpc_unsecure.dir\release\is_epollexclusive_available.obj
f:\grpc\grpcsource\grpc\.build\grpc_unsecure.dir\release\tcp_server_utils_posix_noifaddrs.obj
f:\grpc\grpcsource\grpc\.build\grpc_unsecure.dir\release\tcp_server_utils_posix_ifaddrs.obj
f:\grpc\grpcsource\grpc\.build\grpc_unsecure.dir\release\tcp_server_utils_posix_common.obj
f:\grpc\grpcsource\grpc\.build\grpc_unsecure.dir\release\tcp_server_posix.obj
f:\grpc\grpcsource\grpc\.build\grpc_unsecure.dir\release\tcp_server_custom.obj
f:\grpc\grpcsource\grpc\.build\grpc_unsecure.dir\release\tcp_server.obj
f:\grpc\grpcsource\grpc\.build\grpc_unsecure.dir\release\tcp_posix.obj
f:\grpc\grpcsource\grpc\.build\grpc_unsecure.dir\release\tcp_custom.obj
f:\grpc\grpcsource\grpc\.build\grpc_unsecure.dir\release\tcp_client_windows.obj
f:\grpc\grpcsource\grpc\.build\grpc_unsecure.dir\release\tcp_client_posix.obj
f:\grpc\grpcsource\grpc\.build\grpc_unsecure.dir\release\tcp_client_custom.obj
f:\grpc\grpcsource\grpc\.build\grpc_unsecure.dir\release\tcp_client_cfstream.obj
f:\grpc\grpcsource\grpc\.build\grpc_unsecure.dir\release\tcp_client.obj
f:\grpc\grpcsource\grpc\.build\grpc_unsecure.dir\release\socket_windows.obj
f:\grpc\grpcsource\grpc\.build\grpc_unsecure.dir\release\socket_utils_windows.obj
f:\grpc\grpcsource\grpc\.build\grpc_unsecure.dir\release\socket_utils_uv.obj
f:\grpc\grpcsource\grpc\.build\grpc_unsecure.dir\release\socket_utils_posix.obj
f:\grpc\grpcsource\grpc\.build\grpc_unsecure.dir\release\socket_utils_linux.obj
f:\grpc\grpcsource\grpc\.build\grpc_unsecure.dir\release\socket_utils_common_posix.obj
f:\grpc\grpcsource\grpc\.build\grpc_unsecure.dir\release\socket_mutator.obj
f:\grpc\grpcsource\grpc\.build\grpc_unsecure.dir\release\json_util.obj
f:\grpc\grpcsource\grpc\.build\grpc_unsecure.dir\release\json_reader.obj
f:\grpc\grpcsource\grpc\.build\grpc_unsecure.dir\release\work_serializer.obj
f:\grpc\grpcsource\grpc\.build\grpc_unsecure.dir\release\wakeup_fd_posix.obj
f:\grpc\grpcsource\grpc\.build\grpc_unsecure.dir\release\wakeup_fd_pipe.obj
f:\grpc\grpcsource\grpc\.build\grpc_unsecure.dir\release\wakeup_fd_nospecial.obj
f:\grpc\grpcsource\grpc\.build\grpc_unsecure.dir\release\wakeup_fd_eventfd.obj
f:\grpc\grpcsource\grpc\.build\grpc_unsecure.dir\release\unix_sockets_posix_noop.obj
f:\grpc\grpcsource\grpc\.build\grpc_unsecure.dir\release\unix_sockets_posix.obj
f:\grpc\grpcsource\grpc\.build\grpc_unsecure.dir\release\udp_server.obj
f:\grpc\grpcsource\grpc\.build\grpc_unsecure.dir\release\timer_uv.obj
f:\grpc\grpcsource\grpc\.build\grpc_unsecure.dir\release\timer_manager.obj
f:\grpc\grpcsource\grpc\.build\grpc_unsecure.dir\release\timer_heap.obj
f:\grpc\grpcsource\grpc\.build\grpc_unsecure.dir\release\timer_generic.obj
f:\grpc\grpcsource\grpc\.build\grpc_unsecure.dir\release\timer_custom.obj
f:\grpc\grpcsource\grpc\.build\grpc_unsecure.dir\release\timer.obj
f:\grpc\grpcsource\grpc\.build\grpc_unsecure.dir\release\time_averaged_stats.obj
f:\grpc\grpcsource\grpc\.build\grpc_unsecure.dir\release\tcp_windows.obj
f:\grpc\grpcsource\grpc\.build\grpc_unsecure.dir\release\tcp_uv.obj
f:\grpc\grpcsource\grpc\.build\grpc_unsecure.dir\release\tcp_server_windows.obj
f:\grpc\grpcsource\grpc\.build\grpc_unsecure.dir\release\event_string.obj
f:\grpc\grpcsource\grpc\.build\grpc_unsecure.dir\release\completion_queue_factory.obj
f:\grpc\grpcsource\grpc\.build\grpc_unsecure.dir\release\completion_queue.obj
f:\grpc\grpcsource\grpc\.build\grpc_unsecure.dir\release\channel_stack_type.obj
f:\grpc\grpcsource\grpc\.build\grpc_unsecure.dir\release\channel_ping.obj
f:\grpc\grpcsource\grpc\.build\grpc_unsecure.dir\release\channel_init.obj
f:\grpc\grpcsource\grpc\.build\grpc_unsecure.dir\release\channel.obj
f:\grpc\grpcsource\grpc\.build\grpc_unsecure.dir\release\call_log_batch.obj
f:\grpc\grpcsource\grpc\.build\grpc_unsecure.dir\release\call_details.obj
f:\grpc\grpcsource\grpc\.build\grpc_unsecure.dir\release\call.obj
f:\grpc\grpcsource\grpc\.build\grpc_unsecure.dir\release\byte_buffer_reader.obj
f:\grpc\grpcsource\grpc\.build\grpc_unsecure.dir\release\byte_buffer.obj
f:\grpc\grpcsource\grpc\.build\grpc_unsecure.dir\release\api_trace.obj
f:\grpc\grpcsource\grpc\.build\grpc_unsecure.dir\release\slice_string_helpers.obj
f:\grpc\grpcsource\grpc\.build\grpc_unsecure.dir\release\slice_intern.obj
f:\grpc\grpcsource\grpc\.build\grpc_unsecure.dir\release\slice_buffer.obj
f:\grpc\grpcsource\grpc\.build\grpc_unsecure.dir\release\slice.obj
f:\grpc\grpcsource\grpc\.build\grpc_unsecure.dir\release\percent_encoding.obj
f:\grpc\grpcsource\grpc\.build\grpc_unsecure.dir\release\b64.obj
f:\grpc\grpcsource\grpc\.build\grpc_unsecure.dir\release\json_writer.obj
f:\grpc\grpcsource\grpc\.build\grpc_unsecure.dir\release\transport.obj
f:\grpc\grpcsource\grpc\.build\grpc_unsecure.dir\release\timeout_encoding.obj
f:\grpc\grpcsource\grpc\.build\grpc_unsecure.dir\release\status_metadata.obj
f:\grpc\grpcsource\grpc\.build\grpc_unsecure.dir\release\status_conversion.obj
f:\grpc\grpcsource\grpc\.build\grpc_unsecure.dir\release\static_metadata.obj
f:\grpc\grpcsource\grpc\.build\grpc_unsecure.dir\release\pid_controller.obj
f:\grpc\grpcsource\grpc\.build\grpc_unsecure.dir\release\metadata_batch.obj
f:\grpc\grpcsource\grpc\.build\grpc_unsecure.dir\release\metadata.obj
f:\grpc\grpcsource\grpc\.build\grpc_unsecure.dir\release\error_utils.obj
f:\grpc\grpcsource\grpc\.build\grpc_unsecure.dir\release\connectivity_state.obj
f:\grpc\grpcsource\grpc\.build\grpc_unsecure.dir\release\byte_stream.obj
f:\grpc\grpcsource\grpc\.build\grpc_unsecure.dir\release\bdp_estimator.obj
f:\grpc\grpcsource\grpc\.build\grpc_unsecure.dir\release\authority_override.obj
f:\grpc\grpcsource\grpc\.build\grpc_unsecure.dir\release\version.obj
f:\grpc\grpcsource\grpc\.build\grpc_unsecure.dir\release\validate_metadata.obj
f:\grpc\grpcsource\grpc\.build\grpc_unsecure.dir\release\server.obj
f:\grpc\grpcsource\grpc\.build\grpc_unsecure.dir\release\metadata_array.obj
f:\grpc\grpcsource\grpc\.build\grpc_unsecure.dir\release\lame_client.obj
f:\grpc\grpcsource\grpc\.build\grpc_unsecure.dir\release\init_unsecure.obj
f:\grpc\grpcsource\grpc\.build\grpc_unsecure.dir\release\init.obj
f:\grpc\grpcsource\grpc\.build\grpc_unsecure.dir\release\grpc_unsecure_plugin_registry.obj
f:\grpc\grpcsource\grpc\.build\grpc_unsecure.dir\release\uri_parser.obj
f:\grpc\grpcsource\grpc\.build\grpc_unsecure.dir\release\transport_op_string.obj
f:\grpc\grpcsource\grpc\.build\grpc_unsecure.dir\release\validate.upb.obj
f:\grpc\grpcsource\grpc\.build\grpc_unsecure.dir\release\orca_load_report.upb.obj
f:\grpc\grpcsource\grpc\.build\grpc_unsecure.dir\release\load_balancer.upb.obj
f:\grpc\grpcsource\grpc\.build\grpc_unsecure.dir\release\health.upb.obj
f:\grpc\grpcsource\grpc\.build\grpc_unsecure.dir\release\status.upb.obj
f:\grpc\grpcsource\grpc\.build\grpc_unsecure.dir\release\wrappers.upb.obj
f:\grpc\grpcsource\grpc\.build\grpc_unsecure.dir\release\timestamp.upb.obj
f:\grpc\grpcsource\grpc\.build\grpc_unsecure.dir\release\struct.upb.obj
f:\grpc\grpcsource\grpc\.build\grpc_unsecure.dir\release\empty.upb.obj
f:\grpc\grpcsource\grpc\.build\grpc_unsecure.dir\release\duration.upb.obj
f:\grpc\grpcsource\grpc\.build\grpc_unsecure.dir\release\any.upb.obj
f:\grpc\grpcsource\grpc\.build\grpc_unsecure.dir\release\http.upb.obj
f:\grpc\grpcsource\grpc\.build\grpc_unsecure.dir\release\syntax.upb.obj
f:\grpc\grpcsource\grpc\.build\grpc_unsecure.dir\release\checked.upb.obj
f:\grpc\grpcsource\grpc\.build\grpc_unsecure.dir\release\annotations.upb.obj
f:\grpc\grpcsource\grpc\.build\cmakefiles\generate.stamp
f:\grpc\grpcsource\grpc\.build\release\grpc_unsecure.lib
f:\grpc\grpcsource\grpc\.build\grpc_unsecure.dir\release\grpc_unsecure.tlog\cl.command.1.tlog
f:\grpc\grpcsource\grpc\.build\grpc_unsecure.dir\release\grpc_unsecure.tlog\cl.read.1.tlog
f:\grpc\grpcsource\grpc\.build\grpc_unsecure.dir\release\grpc_unsecure.tlog\cl.write.1.tlog
f:\grpc\grpcsource\grpc\.build\grpc_unsecure.dir\release\grpc_unsecure.tlog\custombuild.command.1.tlog
f:\grpc\grpcsource\grpc\.build\grpc_unsecure.dir\release\grpc_unsecure.tlog\custombuild.read.1.tlog
f:\grpc\grpcsource\grpc\.build\grpc_unsecure.dir\release\grpc_unsecure.tlog\custombuild.write.1.tlog
f:\grpc\grpcsource\grpc\.build\grpc_unsecure.dir\release\grpc_unsecure.tlog\lib-link.read.1.tlog
f:\grpc\grpcsource\grpc\.build\grpc_unsecure.dir\release\grpc_unsecure.tlog\lib-link.write.1.tlog
f:\grpc\grpcsource\grpc\.build\grpc_unsecure.dir\release\grpc_unsecure.tlog\lib.command.1.tlog
