f:\grpc\grpcsource\grpc\.build\upb.dir\release\descriptor.upbdefs.obj
f:\grpc\grpcsource\grpc\.build\upb.dir\release\descriptor.upb.obj
f:\grpc\grpcsource\grpc\.build\upb.dir\release\upb.obj
f:\grpc\grpcsource\grpc\.build\upb.dir\release\text_encode.obj
f:\grpc\grpcsource\grpc\.build\upb.dir\release\table.obj
f:\grpc\grpcsource\grpc\.build\upb.dir\release\reflection.obj
f:\grpc\grpcsource\grpc\.build\upb.dir\release\msg.obj
f:\grpc\grpcsource\grpc\.build\upb.dir\release\json_encode.obj
f:\grpc\grpcsource\grpc\.build\upb.dir\release\json_decode.obj
f:\grpc\grpcsource\grpc\.build\upb.dir\release\encode.obj
f:\grpc\grpcsource\grpc\.build\upb.dir\release\def.obj
f:\grpc\grpcsource\grpc\.build\upb.dir\release\decode.obj
f:\grpc\grpcsource\grpc\.build\upb.dir\release\decode_fast.obj
f:\grpc\grpcsource\grpc\.build\cmakefiles\generate.stamp
f:\grpc\grpcsource\grpc\.build\release\upb.lib
f:\grpc\grpcsource\grpc\.build\upb.dir\release\upb.tlog\cl.command.1.tlog
f:\grpc\grpcsource\grpc\.build\upb.dir\release\upb.tlog\cl.read.1.tlog
f:\grpc\grpcsource\grpc\.build\upb.dir\release\upb.tlog\cl.write.1.tlog
f:\grpc\grpcsource\grpc\.build\upb.dir\release\upb.tlog\custombuild.command.1.tlog
f:\grpc\grpcsource\grpc\.build\upb.dir\release\upb.tlog\custombuild.read.1.tlog
f:\grpc\grpcsource\grpc\.build\upb.dir\release\upb.tlog\custombuild.write.1.tlog
f:\grpc\grpcsource\grpc\.build\upb.dir\release\upb.tlog\lib-link.read.1.tlog
f:\grpc\grpcsource\grpc\.build\upb.dir\release\upb.tlog\lib-link.write.1.tlog
f:\grpc\grpcsource\grpc\.build\upb.dir\release\upb.tlog\lib.command.1.tlog
