f:\grpc\grpcsource\grpc\.build\gpr.dir\release\sync.obj
f:\grpc\grpcsource\grpc\.build\gpr.dir\release\string_windows.obj
f:\grpc\grpcsource\grpc\.build\gpr.dir\release\string_util_windows.obj
f:\grpc\grpcsource\grpc\.build\gpr.dir\release\string_posix.obj
f:\grpc\grpcsource\grpc\.build\gpr.dir\release\string.obj
f:\grpc\grpcsource\grpc\.build\gpr.dir\release\murmur_hash.obj
f:\grpc\grpcsource\grpc\.build\gpr.dir\release\log_windows.obj
f:\grpc\grpcsource\grpc\.build\gpr.dir\release\log_posix.obj
f:\grpc\grpcsource\grpc\.build\gpr.dir\release\log_linux.obj
f:\grpc\grpcsource\grpc\.build\gpr.dir\release\log_android.obj
f:\grpc\grpcsource\grpc\.build\gpr.dir\release\log.obj
f:\grpc\grpcsource\grpc\.build\gpr.dir\release\env_windows.obj
f:\grpc\grpcsource\grpc\.build\gpr.dir\release\env_posix.obj
f:\grpc\grpcsource\grpc\.build\gpr.dir\release\env_linux.obj
f:\grpc\grpcsource\grpc\.build\gpr.dir\release\cpu_windows.obj
f:\grpc\grpcsource\grpc\.build\gpr.dir\release\cpu_posix.obj
f:\grpc\grpcsource\grpc\.build\gpr.dir\release\cpu_linux.obj
f:\grpc\grpcsource\grpc\.build\gpr.dir\release\cpu_iphone.obj
f:\grpc\grpcsource\grpc\.build\gpr.dir\release\atm.obj
f:\grpc\grpcsource\grpc\.build\gpr.dir\release\alloc.obj
f:\grpc\grpcsource\grpc\.build\gpr.dir\release\stat_windows.obj
f:\grpc\grpcsource\grpc\.build\gpr.dir\release\stat_posix.obj
f:\grpc\grpcsource\grpc\.build\gpr.dir\release\mpscq.obj
f:\grpc\grpcsource\grpc\.build\gpr.dir\release\host_port.obj
f:\grpc\grpcsource\grpc\.build\gpr.dir\release\global_config_env.obj
f:\grpc\grpcsource\grpc\.build\gpr.dir\release\fork.obj
f:\grpc\grpcsource\grpc\.build\gpr.dir\release\examine_stack.obj
f:\grpc\grpcsource\grpc\.build\gpr.dir\release\arena.obj
f:\grpc\grpcsource\grpc\.build\gpr.dir\release\wrap_memcpy.obj
f:\grpc\grpcsource\grpc\.build\gpr.dir\release\tmpfile_windows.obj
f:\grpc\grpcsource\grpc\.build\gpr.dir\release\tmpfile_posix.obj
f:\grpc\grpcsource\grpc\.build\gpr.dir\release\tmpfile_msys.obj
f:\grpc\grpcsource\grpc\.build\gpr.dir\release\tls_pthread.obj
f:\grpc\grpcsource\grpc\.build\gpr.dir\release\time_windows.obj
f:\grpc\grpcsource\grpc\.build\gpr.dir\release\time_precise.obj
f:\grpc\grpcsource\grpc\.build\gpr.dir\release\time_posix.obj
f:\grpc\grpcsource\grpc\.build\gpr.dir\release\time.obj
f:\grpc\grpcsource\grpc\.build\gpr.dir\release\sync_windows.obj
f:\grpc\grpcsource\grpc\.build\gpr.dir\release\sync_posix.obj
f:\grpc\grpcsource\grpc\.build\gpr.dir\release\sync_abseil.obj
f:\grpc\grpcsource\grpc\.build\gpr.dir\release\stap_timers.obj
f:\grpc\grpcsource\grpc\.build\gpr.dir\release\basic_timers.obj
f:\grpc\grpcsource\grpc\.build\gpr.dir\release\time_util.obj
f:\grpc\grpcsource\grpc\.build\gpr.dir\release\thd_windows.obj
f:\grpc\grpcsource\grpc\.build\gpr.dir\release\thd_posix.obj
f:\grpc\grpcsource\grpc\.build\cmakefiles\generate.stamp
f:\grpc\grpcsource\grpc\.build\release\gpr.lib
f:\grpc\grpcsource\grpc\.build\gpr.dir\release\gpr.tlog\cl.command.1.tlog
f:\grpc\grpcsource\grpc\.build\gpr.dir\release\gpr.tlog\cl.read.1.tlog
f:\grpc\grpcsource\grpc\.build\gpr.dir\release\gpr.tlog\cl.write.1.tlog
f:\grpc\grpcsource\grpc\.build\gpr.dir\release\gpr.tlog\custombuild.command.1.tlog
f:\grpc\grpcsource\grpc\.build\gpr.dir\release\gpr.tlog\custombuild.read.1.tlog
f:\grpc\grpcsource\grpc\.build\gpr.dir\release\gpr.tlog\custombuild.write.1.tlog
f:\grpc\grpcsource\grpc\.build\gpr.dir\release\gpr.tlog\lib-link.read.1.tlog
f:\grpc\grpcsource\grpc\.build\gpr.dir\release\gpr.tlog\lib-link.write.1.tlog
f:\grpc\grpcsource\grpc\.build\gpr.dir\release\gpr.tlog\lib.command.1.tlog
