f:\grpc\grpcsource\grpc\.build\cmakefiles\generate.stamp
f:\grpc\grpcsource\grpc\.build\third_party\abseil-cpp\cmakefiles\generate.stamp
f:\grpc\grpcsource\grpc\.build\third_party\abseil-cpp\absl\cmakefiles\generate.stamp
f:\grpc\grpcsource\grpc\.build\third_party\abseil-cpp\absl\base\cmakefiles\generate.stamp
f:\grpc\grpcsource\grpc\.build\third_party\abseil-cpp\absl\algorithm\cmakefiles\generate.stamp
f:\grpc\grpcsource\grpc\.build\third_party\abseil-cpp\absl\container\cmakefiles\generate.stamp
f:\grpc\grpcsource\grpc\.build\third_party\abseil-cpp\absl\debugging\cmakefiles\generate.stamp
f:\grpc\grpcsource\grpc\.build\third_party\abseil-cpp\absl\flags\cmakefiles\generate.stamp
f:\grpc\grpcsource\grpc\.build\third_party\abseil-cpp\absl\functional\cmakefiles\generate.stamp
f:\grpc\grpcsource\grpc\.build\third_party\abseil-cpp\absl\hash\cmakefiles\generate.stamp
f:\grpc\grpcsource\grpc\.build\third_party\abseil-cpp\absl\memory\cmakefiles\generate.stamp
f:\grpc\grpcsource\grpc\.build\third_party\abseil-cpp\absl\meta\cmakefiles\generate.stamp
f:\grpc\grpcsource\grpc\.build\third_party\abseil-cpp\absl\numeric\cmakefiles\generate.stamp
f:\grpc\grpcsource\grpc\.build\third_party\abseil-cpp\absl\random\cmakefiles\generate.stamp
f:\grpc\grpcsource\grpc\.build\third_party\abseil-cpp\absl\status\cmakefiles\generate.stamp
f:\grpc\grpcsource\grpc\.build\third_party\abseil-cpp\absl\strings\cmakefiles\generate.stamp
f:\grpc\grpcsource\grpc\.build\third_party\abseil-cpp\absl\synchronization\cmakefiles\generate.stamp
f:\grpc\grpcsource\grpc\.build\third_party\abseil-cpp\absl\time\cmakefiles\generate.stamp
f:\grpc\grpcsource\grpc\.build\third_party\abseil-cpp\absl\types\cmakefiles\generate.stamp
f:\grpc\grpcsource\grpc\.build\third_party\abseil-cpp\absl\utility\cmakefiles\generate.stamp
f:\grpc\grpcsource\grpc\.build\third_party\cares\cares\cmakefiles\generate.stamp
f:\grpc\grpcsource\grpc\.build\third_party\cares\cares\include\cmakefiles\generate.stamp
f:\grpc\grpcsource\grpc\.build\third_party\cares\cares\src\cmakefiles\generate.stamp
f:\grpc\grpcsource\grpc\.build\third_party\cares\cares\src\lib\cmakefiles\generate.stamp
f:\grpc\grpcsource\grpc\.build\third_party\cares\cares\src\tools\cmakefiles\generate.stamp
f:\grpc\grpcsource\grpc\.build\third_party\cares\cares\docs\cmakefiles\generate.stamp
f:\grpc\grpcsource\grpc\.build\third_party\protobuf\cmakefiles\generate.stamp
f:\grpc\grpcsource\grpc\.build\third_party\re2\cmakefiles\generate.stamp
f:\grpc\grpcsource\grpc\.build\third_party\zlib\cmakefiles\generate.stamp
f:\grpc\grpcsource\grpc\.build\x64\release\zero_check\zero_check.tlog\custombuild.command.1.tlog
f:\grpc\grpcsource\grpc\.build\x64\release\zero_check\zero_check.tlog\custombuild.read.1.tlog
f:\grpc\grpcsource\grpc\.build\x64\release\zero_check\zero_check.tlog\custombuild.write.1.tlog
