f:\grpc\grpcsource\grpc\.build\grpc++_unsecure.dir\release\version_cc.obj
f:\grpc\grpcsource\grpc\.build\grpc++_unsecure.dir\release\validate_service_config.obj
f:\grpc\grpcsource\grpc\.build\grpc++_unsecure.dir\release\rpc_method.obj
f:\grpc\grpcsource\grpc\.build\grpc++_unsecure.dir\release\resource_quota_cc.obj
f:\grpc\grpcsource\grpc\.build\grpc++_unsecure.dir\release\insecure_create_auth_context.obj
f:\grpc\grpcsource\grpc\.build\grpc++_unsecure.dir\release\core_codegen.obj
f:\grpc\grpcsource\grpc\.build\grpc++_unsecure.dir\release\completion_queue_cc.obj
f:\grpc\grpcsource\grpc\.build\grpc++_unsecure.dir\release\channel_filter.obj
f:\grpc\grpcsource\grpc\.build\grpc++_unsecure.dir\release\channel_arguments.obj
f:\grpc\grpcsource\grpc\.build\grpc++_unsecure.dir\release\alarm.obj
f:\grpc\grpcsource\grpc\.build\grpc++_unsecure.dir\release\codegen_init.obj
f:\grpc\grpcsource\grpc\.build\grpc++_unsecure.dir\release\insecure_credentials.obj
f:\grpc\grpcsource\grpc\.build\grpc++_unsecure.dir\release\credentials_cc.obj
f:\grpc\grpcsource\grpc\.build\grpc++_unsecure.dir\release\create_channel_posix.obj
f:\grpc\grpcsource\grpc\.build\grpc++_unsecure.dir\release\create_channel_internal.obj
f:\grpc\grpcsource\grpc\.build\grpc++_unsecure.dir\release\create_channel.obj
f:\grpc\grpcsource\grpc\.build\grpc++_unsecure.dir\release\client_interceptor.obj
f:\grpc\grpcsource\grpc\.build\grpc++_unsecure.dir\release\client_context.obj
f:\grpc\grpcsource\grpc\.build\grpc++_unsecure.dir\release\client_callback.obj
f:\grpc\grpcsource\grpc\.build\grpc++_unsecure.dir\release\channel_cc.obj
f:\grpc\grpcsource\grpc\.build\grpc++_unsecure.dir\release\time_cc.obj
f:\grpc\grpcsource\grpc\.build\grpc++_unsecure.dir\release\string_ref.obj
f:\grpc\grpcsource\grpc\.build\grpc++_unsecure.dir\release\status.obj
f:\grpc\grpcsource\grpc\.build\grpc++_unsecure.dir\release\byte_buffer_cc.obj
f:\grpc\grpcsource\grpc\.build\grpc++_unsecure.dir\release\thread_manager.obj
f:\grpc\grpcsource\grpc\.build\grpc++_unsecure.dir\release\server_posix.obj
f:\grpc\grpcsource\grpc\.build\grpc++_unsecure.dir\release\server_credentials.obj
f:\grpc\grpcsource\grpc\.build\grpc++_unsecure.dir\release\server_context.obj
f:\grpc\grpcsource\grpc\.build\grpc++_unsecure.dir\release\server_cc.obj
f:\grpc\grpcsource\grpc\.build\grpc++_unsecure.dir\release\server_callback.obj
f:\grpc\grpcsource\grpc\.build\grpc++_unsecure.dir\release\server_builder.obj
f:\grpc\grpcsource\grpc\.build\grpc++_unsecure.dir\release\insecure_server_credentials.obj
f:\grpc\grpcsource\grpc\.build\grpc++_unsecure.dir\release\health_check_service_server_builder_option.obj
f:\grpc\grpcsource\grpc\.build\grpc++_unsecure.dir\release\health_check_service.obj
f:\grpc\grpcsource\grpc\.build\grpc++_unsecure.dir\release\default_health_check_service.obj
f:\grpc\grpcsource\grpc\.build\grpc++_unsecure.dir\release\external_connection_acceptor_impl.obj
f:\grpc\grpcsource\grpc\.build\grpc++_unsecure.dir\release\dynamic_thread_pool.obj
f:\grpc\grpcsource\grpc\.build\grpc++_unsecure.dir\release\create_default_thread_pool.obj
f:\grpc\grpcsource\grpc\.build\grpc++_unsecure.dir\release\channel_argument_option.obj
f:\grpc\grpcsource\grpc\.build\grpc++_unsecure.dir\release\async_generic_service.obj
f:\grpc\grpcsource\grpc\.build\cmakefiles\generate.stamp
f:\grpc\grpcsource\grpc\.build\release\grpc++_unsecure.lib
f:\grpc\grpcsource\grpc\.build\grpc++_unsecure.dir\release\grpc++_unsecure.tlog\cl.command.1.tlog
f:\grpc\grpcsource\grpc\.build\grpc++_unsecure.dir\release\grpc++_unsecure.tlog\cl.read.1.tlog
f:\grpc\grpcsource\grpc\.build\grpc++_unsecure.dir\release\grpc++_unsecure.tlog\cl.write.1.tlog
f:\grpc\grpcsource\grpc\.build\grpc++_unsecure.dir\release\grpc++_unsecure.tlog\custombuild.command.1.tlog
f:\grpc\grpcsource\grpc\.build\grpc++_unsecure.dir\release\grpc++_unsecure.tlog\custombuild.read.1.tlog
f:\grpc\grpcsource\grpc\.build\grpc++_unsecure.dir\release\grpc++_unsecure.tlog\custombuild.write.1.tlog
f:\grpc\grpcsource\grpc\.build\grpc++_unsecure.dir\release\grpc++_unsecure.tlog\lib-link.read.1.tlog
f:\grpc\grpcsource\grpc\.build\grpc++_unsecure.dir\release\grpc++_unsecure.tlog\lib-link.write.1.tlog
f:\grpc\grpcsource\grpc\.build\grpc++_unsecure.dir\release\grpc++_unsecure.tlog\lib.command.1.tlog
