  -- Install configuration: "Release"
  -- Installing: C:/Program Files/grpc/lib/absl_bad_optional_access.lib
  -- Installing: C:/Program Files/grpc/lib/absl_bad_variant_access.lib
  -- Installing: C:/Program Files/grpc/lib/absl_base.lib
  -- Installing: C:/Program Files/grpc/lib/absl_city.lib
  -- Installing: C:/Program Files/grpc/lib/absl_civil_time.lib
  -- Installing: C:/Program Files/grpc/lib/absl_cord.lib
  -- Installing: C:/Program Files/grpc/lib/absl_debugging_internal.lib
  -- Installing: C:/Program Files/grpc/lib/absl_demangle_internal.lib
  -- Installing: C:/Program Files/grpc/lib/absl_exponential_biased.lib
  -- Installing: C:/Program Files/grpc/lib/absl_graphcycles_internal.lib
  -- Installing: C:/Program Files/grpc/lib/absl_hash.lib
  -- Installing: C:/Program Files/grpc/lib/absl_hashtablez_sampler.lib
  -- Installing: C:/Program Files/grpc/lib/absl_int128.lib
  -- Installing: C:/Program Files/grpc/lib/absl_log_severity.lib
  -- Installing: C:/Program Files/grpc/lib/absl_malloc_internal.lib
  -- Installing: C:/Program Files/grpc/lib/absl_raw_hash_set.lib
  -- Installing: C:/Program Files/grpc/lib/absl_raw_logging_internal.lib
  -- Installing: C:/Program Files/grpc/lib/absl_spinlock_wait.lib
  -- Installing: C:/Program Files/grpc/lib/absl_stacktrace.lib
  -- Installing: C:/Program Files/grpc/lib/absl_status.lib
  -- Installing: C:/Program Files/grpc/lib/absl_statusor.lib
  -- Installing: C:/Program Files/grpc/lib/absl_str_format_internal.lib
  -- Installing: C:/Program Files/grpc/lib/absl_strings.lib
  -- Installing: C:/Program Files/grpc/lib/absl_strings_internal.lib
  -- Installing: C:/Program Files/grpc/lib/absl_symbolize.lib
  -- Installing: C:/Program Files/grpc/lib/absl_synchronization.lib
  -- Installing: C:/Program Files/grpc/lib/absl_throw_delegate.lib
  -- Installing: C:/Program Files/grpc/lib/absl_time.lib
  -- Installing: C:/Program Files/grpc/lib/absl_time_zone.lib
  -- Installing: C:/Program Files/grpc/lib/cares.lib
  -- Installing: C:/Program Files/grpc/lib/re2.lib
  -- Installing: C:/Program Files/grpc/lib/zlibstatic.lib
  -- Installing: C:/Program Files/grpc/lib/address_sorting.lib
  -- Up-to-date: C:/Program Files/grpc/include/grpc/impl/codegen/atm.h
  -- Up-to-date: C:/Program Files/grpc/include/grpc/impl/codegen/atm_gcc_atomic.h
  -- Up-to-date: C:/Program Files/grpc/include/grpc/impl/codegen/atm_gcc_sync.h
  -- Up-to-date: C:/Program Files/grpc/include/grpc/impl/codegen/atm_windows.h
  -- Up-to-date: C:/Program Files/grpc/include/grpc/impl/codegen/byte_buffer.h
  -- Up-to-date: C:/Program Files/grpc/include/grpc/impl/codegen/byte_buffer_reader.h
  -- Up-to-date: C:/Program Files/grpc/include/grpc/impl/codegen/compression_types.h
  -- Up-to-date: C:/Program Files/grpc/include/grpc/impl/codegen/connectivity_state.h
  -- Up-to-date: C:/Program Files/grpc/include/grpc/impl/codegen/fork.h
  -- Up-to-date: C:/Program Files/grpc/include/grpc/impl/codegen/gpr_slice.h
  -- Up-to-date: C:/Program Files/grpc/include/grpc/impl/codegen/gpr_types.h
  -- Up-to-date: C:/Program Files/grpc/include/grpc/impl/codegen/grpc_types.h
  -- Up-to-date: C:/Program Files/grpc/include/grpc/impl/codegen/log.h
  -- Up-to-date: C:/Program Files/grpc/include/grpc/impl/codegen/port_platform.h
  -- Up-to-date: C:/Program Files/grpc/include/grpc/impl/codegen/propagation_bits.h
  -- Up-to-date: C:/Program Files/grpc/include/grpc/impl/codegen/slice.h
  -- Up-to-date: C:/Program Files/grpc/include/grpc/impl/codegen/status.h
  -- Up-to-date: C:/Program Files/grpc/include/grpc/impl/codegen/sync.h
  -- Up-to-date: C:/Program Files/grpc/include/grpc/impl/codegen/sync_abseil.h
  -- Up-to-date: C:/Program Files/grpc/include/grpc/impl/codegen/sync_custom.h
  -- Up-to-date: C:/Program Files/grpc/include/grpc/impl/codegen/sync_generic.h
  -- Up-to-date: C:/Program Files/grpc/include/grpc/impl/codegen/sync_posix.h
  -- Up-to-date: C:/Program Files/grpc/include/grpc/impl/codegen/sync_windows.h
  -- Up-to-date: C:/Program Files/grpc/include/grpc/support/alloc.h
  -- Up-to-date: C:/Program Files/grpc/include/grpc/support/atm.h
  -- Up-to-date: C:/Program Files/grpc/include/grpc/support/atm_gcc_atomic.h
  -- Up-to-date: C:/Program Files/grpc/include/grpc/support/atm_gcc_sync.h
  -- Up-to-date: C:/Program Files/grpc/include/grpc/support/atm_windows.h
  -- Up-to-date: C:/Program Files/grpc/include/grpc/support/cpu.h
  -- Up-to-date: C:/Program Files/grpc/include/grpc/support/log.h
  -- Up-to-date: C:/Program Files/grpc/include/grpc/support/log_windows.h
  -- Up-to-date: C:/Program Files/grpc/include/grpc/support/port_platform.h
  -- Up-to-date: C:/Program Files/grpc/include/grpc/support/string_util.h
  -- Up-to-date: C:/Program Files/grpc/include/grpc/support/sync.h
  -- Up-to-date: C:/Program Files/grpc/include/grpc/support/sync_abseil.h
  -- Up-to-date: C:/Program Files/grpc/include/grpc/support/sync_custom.h
  -- Up-to-date: C:/Program Files/grpc/include/grpc/support/sync_generic.h
  -- Up-to-date: C:/Program Files/grpc/include/grpc/support/sync_posix.h
  -- Up-to-date: C:/Program Files/grpc/include/grpc/support/sync_windows.h
  -- Up-to-date: C:/Program Files/grpc/include/grpc/support/thd_id.h
  -- Up-to-date: C:/Program Files/grpc/include/grpc/support/time.h
  -- Installing: C:/Program Files/grpc/lib/gpr.lib
  -- Up-to-date: C:/Program Files/grpc/include/grpc/byte_buffer.h
  -- Up-to-date: C:/Program Files/grpc/include/grpc/byte_buffer_reader.h
  -- Up-to-date: C:/Program Files/grpc/include/grpc/census.h
  -- Up-to-date: C:/Program Files/grpc/include/grpc/compression.h
  -- Up-to-date: C:/Program Files/grpc/include/grpc/fork.h
  -- Up-to-date: C:/Program Files/grpc/include/grpc/grpc.h
  -- Up-to-date: C:/Program Files/grpc/include/grpc/grpc_posix.h
  -- Up-to-date: C:/Program Files/grpc/include/grpc/grpc_security.h
  -- Up-to-date: C:/Program Files/grpc/include/grpc/grpc_security_constants.h
  -- Up-to-date: C:/Program Files/grpc/include/grpc/load_reporting.h
  -- Up-to-date: C:/Program Files/grpc/include/grpc/slice.h
  -- Up-to-date: C:/Program Files/grpc/include/grpc/slice_buffer.h
  -- Up-to-date: C:/Program Files/grpc/include/grpc/status.h
  -- Up-to-date: C:/Program Files/grpc/include/grpc/support/workaround_list.h
  -- Installing: C:/Program Files/grpc/lib/grpc.lib
  -- Up-to-date: C:/Program Files/grpc/include/grpc/byte_buffer.h
  -- Up-to-date: C:/Program Files/grpc/include/grpc/byte_buffer_reader.h
  -- Up-to-date: C:/Program Files/grpc/include/grpc/census.h
  -- Up-to-date: C:/Program Files/grpc/include/grpc/compression.h
  -- Up-to-date: C:/Program Files/grpc/include/grpc/fork.h
  -- Up-to-date: C:/Program Files/grpc/include/grpc/grpc.h
  -- Up-to-date: C:/Program Files/grpc/include/grpc/grpc_posix.h
  -- Up-to-date: C:/Program Files/grpc/include/grpc/grpc_security_constants.h
  -- Up-to-date: C:/Program Files/grpc/include/grpc/load_reporting.h
  -- Up-to-date: C:/Program Files/grpc/include/grpc/slice.h
  -- Up-to-date: C:/Program Files/grpc/include/grpc/slice_buffer.h
  -- Up-to-date: C:/Program Files/grpc/include/grpc/status.h
  -- Up-to-date: C:/Program Files/grpc/include/grpc/support/workaround_list.h
  -- Installing: C:/Program Files/grpc/lib/grpc_unsecure.lib
  -- Up-to-date: C:/Program Files/grpc/include/grpc++/alarm.h
  -- Up-to-date: C:/Program Files/grpc/include/grpc++/channel.h
  -- Up-to-date: C:/Program Files/grpc/include/grpc++/client_context.h
  -- Up-to-date: C:/Program Files/grpc/include/grpc++/completion_queue.h
  -- Up-to-date: C:/Program Files/grpc/include/grpc++/create_channel.h
  -- Up-to-date: C:/Program Files/grpc/include/grpc++/create_channel_posix.h
  -- Up-to-date: C:/Program Files/grpc/include/grpc++/ext/health_check_service_server_builder_option.h
  -- Up-to-date: C:/Program Files/grpc/include/grpc++/generic/async_generic_service.h
  -- Up-to-date: C:/Program Files/grpc/include/grpc++/generic/generic_stub.h
  -- Up-to-date: C:/Program Files/grpc/include/grpc++/grpc++.h
  -- Up-to-date: C:/Program Files/grpc/include/grpc++/health_check_service_interface.h
  -- Up-to-date: C:/Program Files/grpc/include/grpc++/impl/call.h
  -- Up-to-date: C:/Program Files/grpc/include/grpc++/impl/channel_argument_option.h
  -- Up-to-date: C:/Program Files/grpc/include/grpc++/impl/client_unary_call.h
  -- Up-to-date: C:/Program Files/grpc/include/grpc++/impl/codegen/async_stream.h
  -- Up-to-date: C:/Program Files/grpc/include/grpc++/impl/codegen/async_unary_call.h
  -- Up-to-date: C:/Program Files/grpc/include/grpc++/impl/codegen/byte_buffer.h
  -- Up-to-date: C:/Program Files/grpc/include/grpc++/impl/codegen/call.h
  -- Up-to-date: C:/Program Files/grpc/include/grpc++/impl/codegen/call_hook.h
  -- Up-to-date: C:/Program Files/grpc/include/grpc++/impl/codegen/channel_interface.h
  -- Up-to-date: C:/Program Files/grpc/include/grpc++/impl/codegen/client_context.h
  -- Up-to-date: C:/Program Files/grpc/include/grpc++/impl/codegen/client_unary_call.h
  -- Up-to-date: C:/Program Files/grpc/include/grpc++/impl/codegen/completion_queue.h
  -- Up-to-date: C:/Program Files/grpc/include/grpc++/impl/codegen/completion_queue_tag.h
  -- Up-to-date: C:/Program Files/grpc/include/grpc++/impl/codegen/config.h
  -- Up-to-date: C:/Program Files/grpc/include/grpc++/impl/codegen/config_protobuf.h
  -- Up-to-date: C:/Program Files/grpc/include/grpc++/impl/codegen/core_codegen.h
  -- Up-to-date: C:/Program Files/grpc/include/grpc++/impl/codegen/core_codegen_interface.h
  -- Up-to-date: C:/Program Files/grpc/include/grpc++/impl/codegen/create_auth_context.h
  -- Up-to-date: C:/Program Files/grpc/include/grpc++/impl/codegen/grpc_library.h
  -- Up-to-date: C:/Program Files/grpc/include/grpc++/impl/codegen/metadata_map.h
  -- Up-to-date: C:/Program Files/grpc/include/grpc++/impl/codegen/method_handler_impl.h
  -- Up-to-date: C:/Program Files/grpc/include/grpc++/impl/codegen/proto_utils.h
  -- Up-to-date: C:/Program Files/grpc/include/grpc++/impl/codegen/rpc_method.h
  -- Up-to-date: C:/Program Files/grpc/include/grpc++/impl/codegen/rpc_service_method.h
  -- Up-to-date: C:/Program Files/grpc/include/grpc++/impl/codegen/security/auth_context.h
  -- Up-to-date: C:/Program Files/grpc/include/grpc++/impl/codegen/serialization_traits.h
  -- Up-to-date: C:/Program Files/grpc/include/grpc++/impl/codegen/server_context.h
  -- Up-to-date: C:/Program Files/grpc/include/grpc++/impl/codegen/server_interface.h
  -- Up-to-date: C:/Program Files/grpc/include/grpc++/impl/codegen/service_type.h
  -- Up-to-date: C:/Program Files/grpc/include/grpc++/impl/codegen/slice.h
  -- Up-to-date: C:/Program Files/grpc/include/grpc++/impl/codegen/status.h
  -- Up-to-date: C:/Program Files/grpc/include/grpc++/impl/codegen/status_code_enum.h
  -- Up-to-date: C:/Program Files/grpc/include/grpc++/impl/codegen/string_ref.h
  -- Up-to-date: C:/Program Files/grpc/include/grpc++/impl/codegen/stub_options.h
  -- Up-to-date: C:/Program Files/grpc/include/grpc++/impl/codegen/sync_stream.h
  -- Up-to-date: C:/Program Files/grpc/include/grpc++/impl/codegen/time.h
  -- Up-to-date: C:/Program Files/grpc/include/grpc++/impl/grpc_library.h
  -- Up-to-date: C:/Program Files/grpc/include/grpc++/impl/method_handler_impl.h
  -- Up-to-date: C:/Program Files/grpc/include/grpc++/impl/rpc_method.h
  -- Up-to-date: C:/Program Files/grpc/include/grpc++/impl/rpc_service_method.h
  -- Up-to-date: C:/Program Files/grpc/include/grpc++/impl/serialization_traits.h
  -- Up-to-date: C:/Program Files/grpc/include/grpc++/impl/server_builder_option.h
  -- Up-to-date: C:/Program Files/grpc/include/grpc++/impl/server_builder_plugin.h
  -- Up-to-date: C:/Program Files/grpc/include/grpc++/impl/server_initializer.h
  -- Up-to-date: C:/Program Files/grpc/include/grpc++/impl/service_type.h
  -- Up-to-date: C:/Program Files/grpc/include/grpc++/resource_quota.h
  -- Up-to-date: C:/Program Files/grpc/include/grpc++/security/auth_context.h
  -- Up-to-date: C:/Program Files/grpc/include/grpc++/security/auth_metadata_processor.h
  -- Up-to-date: C:/Program Files/grpc/include/grpc++/security/credentials.h
  -- Up-to-date: C:/Program Files/grpc/include/grpc++/security/server_credentials.h
  -- Up-to-date: C:/Program Files/grpc/include/grpc++/server.h
  -- Up-to-date: C:/Program Files/grpc/include/grpc++/server_builder.h
  -- Up-to-date: C:/Program Files/grpc/include/grpc++/server_context.h
  -- Up-to-date: C:/Program Files/grpc/include/grpc++/server_posix.h
  -- Up-to-date: C:/Program Files/grpc/include/grpc++/support/async_stream.h
  -- Up-to-date: C:/Program Files/grpc/include/grpc++/support/async_unary_call.h
  -- Up-to-date: C:/Program Files/grpc/include/grpc++/support/byte_buffer.h
  -- Up-to-date: C:/Program Files/grpc/include/grpc++/support/channel_arguments.h
  -- Up-to-date: C:/Program Files/grpc/include/grpc++/support/config.h
  -- Up-to-date: C:/Program Files/grpc/include/grpc++/support/slice.h
  -- Up-to-date: C:/Program Files/grpc/include/grpc++/support/status.h
  -- Up-to-date: C:/Program Files/grpc/include/grpc++/support/status_code_enum.h
  -- Up-to-date: C:/Program Files/grpc/include/grpc++/support/string_ref.h
  -- Up-to-date: C:/Program Files/grpc/include/grpc++/support/stub_options.h
  -- Up-to-date: C:/Program Files/grpc/include/grpc++/support/sync_stream.h
  -- Up-to-date: C:/Program Files/grpc/include/grpc++/support/time.h
  -- Up-to-date: C:/Program Files/grpc/include/grpcpp/alarm.h
  -- Up-to-date: C:/Program Files/grpc/include/grpcpp/channel.h
  -- Up-to-date: C:/Program Files/grpc/include/grpcpp/client_context.h
  -- Up-to-date: C:/Program Files/grpc/include/grpcpp/completion_queue.h
  -- Up-to-date: C:/Program Files/grpc/include/grpcpp/create_channel.h
  -- Up-to-date: C:/Program Files/grpc/include/grpcpp/create_channel_posix.h
  -- Up-to-date: C:/Program Files/grpc/include/grpcpp/ext/health_check_service_server_builder_option.h
  -- Up-to-date: C:/Program Files/grpc/include/grpcpp/generic/async_generic_service.h
  -- Up-to-date: C:/Program Files/grpc/include/grpcpp/generic/generic_stub.h
  -- Up-to-date: C:/Program Files/grpc/include/grpcpp/grpcpp.h
  -- Up-to-date: C:/Program Files/grpc/include/grpcpp/health_check_service_interface.h
  -- Up-to-date: C:/Program Files/grpc/include/grpcpp/impl/call.h
  -- Up-to-date: C:/Program Files/grpc/include/grpcpp/impl/channel_argument_option.h
  -- Up-to-date: C:/Program Files/grpc/include/grpcpp/impl/client_unary_call.h
  -- Up-to-date: C:/Program Files/grpc/include/grpcpp/impl/codegen/async_generic_service.h
  -- Up-to-date: C:/Program Files/grpc/include/grpcpp/impl/codegen/async_stream.h
  -- Up-to-date: C:/Program Files/grpc/include/grpcpp/impl/codegen/async_unary_call.h
  -- Up-to-date: C:/Program Files/grpc/include/grpcpp/impl/codegen/byte_buffer.h
  -- Up-to-date: C:/Program Files/grpc/include/grpcpp/impl/codegen/call.h
  -- Up-to-date: C:/Program Files/grpc/include/grpcpp/impl/codegen/call_hook.h
  -- Up-to-date: C:/Program Files/grpc/include/grpcpp/impl/codegen/call_op_set.h
  -- Up-to-date: C:/Program Files/grpc/include/grpcpp/impl/codegen/call_op_set_interface.h
  -- Up-to-date: C:/Program Files/grpc/include/grpcpp/impl/codegen/callback_common.h
  -- Up-to-date: C:/Program Files/grpc/include/grpcpp/impl/codegen/channel_interface.h
  -- Up-to-date: C:/Program Files/grpc/include/grpcpp/impl/codegen/client_callback.h
  -- Up-to-date: C:/Program Files/grpc/include/grpcpp/impl/codegen/client_context.h
  -- Up-to-date: C:/Program Files/grpc/include/grpcpp/impl/codegen/client_interceptor.h
  -- Up-to-date: C:/Program Files/grpc/include/grpcpp/impl/codegen/client_unary_call.h
  -- Up-to-date: C:/Program Files/grpc/include/grpcpp/impl/codegen/completion_queue.h
  -- Up-to-date: C:/Program Files/grpc/include/grpcpp/impl/codegen/completion_queue_tag.h
  -- Up-to-date: C:/Program Files/grpc/include/grpcpp/impl/codegen/config.h
  -- Up-to-date: C:/Program Files/grpc/include/grpcpp/impl/codegen/config_protobuf.h
  -- Up-to-date: C:/Program Files/grpc/include/grpcpp/impl/codegen/core_codegen.h
  -- Up-to-date: C:/Program Files/grpc/include/grpcpp/impl/codegen/core_codegen_interface.h
  -- Up-to-date: C:/Program Files/grpc/include/grpcpp/impl/codegen/create_auth_context.h
  -- Up-to-date: C:/Program Files/grpc/include/grpcpp/impl/codegen/delegating_channel.h
  -- Up-to-date: C:/Program Files/grpc/include/grpcpp/impl/codegen/grpc_library.h
  -- Up-to-date: C:/Program Files/grpc/include/grpcpp/impl/codegen/intercepted_channel.h
  -- Up-to-date: C:/Program Files/grpc/include/grpcpp/impl/codegen/interceptor.h
  -- Up-to-date: C:/Program Files/grpc/include/grpcpp/impl/codegen/interceptor_common.h
  -- Up-to-date: C:/Program Files/grpc/include/grpcpp/impl/codegen/message_allocator.h
  -- Up-to-date: C:/Program Files/grpc/include/grpcpp/impl/codegen/metadata_map.h
  -- Up-to-date: C:/Program Files/grpc/include/grpcpp/impl/codegen/method_handler.h
  -- Up-to-date: C:/Program Files/grpc/include/grpcpp/impl/codegen/proto_buffer_reader.h
  -- Up-to-date: C:/Program Files/grpc/include/grpcpp/impl/codegen/proto_buffer_writer.h
  -- Up-to-date: C:/Program Files/grpc/include/grpcpp/impl/codegen/proto_utils.h
  -- Up-to-date: C:/Program Files/grpc/include/grpcpp/impl/codegen/rpc_method.h
  -- Up-to-date: C:/Program Files/grpc/include/grpcpp/impl/codegen/rpc_service_method.h
  -- Up-to-date: C:/Program Files/grpc/include/grpcpp/impl/codegen/security/auth_context.h
  -- Up-to-date: C:/Program Files/grpc/include/grpcpp/impl/codegen/serialization_traits.h
  -- Up-to-date: C:/Program Files/grpc/include/grpcpp/impl/codegen/server_callback.h
  -- Up-to-date: C:/Program Files/grpc/include/grpcpp/impl/codegen/server_callback_handlers.h
  -- Up-to-date: C:/Program Files/grpc/include/grpcpp/impl/codegen/server_context.h
  -- Up-to-date: C:/Program Files/grpc/include/grpcpp/impl/codegen/server_interceptor.h
  -- Up-to-date: C:/Program Files/grpc/include/grpcpp/impl/codegen/server_interface.h
  -- Up-to-date: C:/Program Files/grpc/include/grpcpp/impl/codegen/service_type.h
  -- Up-to-date: C:/Program Files/grpc/include/grpcpp/impl/codegen/slice.h
  -- Up-to-date: C:/Program Files/grpc/include/grpcpp/impl/codegen/status.h
  -- Up-to-date: C:/Program Files/grpc/include/grpcpp/impl/codegen/status_code_enum.h
  -- Up-to-date: C:/Program Files/grpc/include/grpcpp/impl/codegen/string_ref.h
  -- Up-to-date: C:/Program Files/grpc/include/grpcpp/impl/codegen/stub_options.h
  -- Up-to-date: C:/Program Files/grpc/include/grpcpp/impl/codegen/sync.h
  -- Up-to-date: C:/Program Files/grpc/include/grpcpp/impl/codegen/sync_stream.h
  -- Up-to-date: C:/Program Files/grpc/include/grpcpp/impl/codegen/time.h
  -- Up-to-date: C:/Program Files/grpc/include/grpcpp/impl/grpc_library.h
  -- Up-to-date: C:/Program Files/grpc/include/grpcpp/impl/method_handler_impl.h
  -- Up-to-date: C:/Program Files/grpc/include/grpcpp/impl/rpc_method.h
  -- Up-to-date: C:/Program Files/grpc/include/grpcpp/impl/rpc_service_method.h
  -- Up-to-date: C:/Program Files/grpc/include/grpcpp/impl/serialization_traits.h
  -- Up-to-date: C:/Program Files/grpc/include/grpcpp/impl/server_builder_option.h
  -- Up-to-date: C:/Program Files/grpc/include/grpcpp/impl/server_builder_plugin.h
  -- Up-to-date: C:/Program Files/grpc/include/grpcpp/impl/server_initializer.h
  -- Up-to-date: C:/Program Files/grpc/include/grpcpp/impl/service_type.h
  -- Up-to-date: C:/Program Files/grpc/include/grpcpp/resource_quota.h
  -- Up-to-date: C:/Program Files/grpc/include/grpcpp/security/auth_context.h
  -- Up-to-date: C:/Program Files/grpc/include/grpcpp/security/auth_metadata_processor.h
  -- Up-to-date: C:/Program Files/grpc/include/grpcpp/security/credentials.h
  -- Up-to-date: C:/Program Files/grpc/include/grpcpp/security/server_credentials.h
  -- Up-to-date: C:/Program Files/grpc/include/grpcpp/security/tls_certificate_provider.h
  -- Up-to-date: C:/Program Files/grpc/include/grpcpp/security/tls_credentials_options.h
  -- Up-to-date: C:/Program Files/grpc/include/grpcpp/server.h
  -- Up-to-date: C:/Program Files/grpc/include/grpcpp/server_builder.h
  -- Up-to-date: C:/Program Files/grpc/include/grpcpp/server_context.h
  -- Up-to-date: C:/Program Files/grpc/include/grpcpp/server_posix.h
  -- Up-to-date: C:/Program Files/grpc/include/grpcpp/support/async_stream.h
  -- Up-to-date: C:/Program Files/grpc/include/grpcpp/support/async_unary_call.h
  -- Up-to-date: C:/Program Files/grpc/include/grpcpp/support/byte_buffer.h
  -- Up-to-date: C:/Program Files/grpc/include/grpcpp/support/channel_arguments.h
  -- Up-to-date: C:/Program Files/grpc/include/grpcpp/support/client_callback.h
  -- Up-to-date: C:/Program Files/grpc/include/grpcpp/support/client_interceptor.h
  -- Up-to-date: C:/Program Files/grpc/include/grpcpp/support/config.h
  -- Up-to-date: C:/Program Files/grpc/include/grpcpp/support/interceptor.h
  -- Up-to-date: C:/Program Files/grpc/include/grpcpp/support/message_allocator.h
  -- Up-to-date: C:/Program Files/grpc/include/grpcpp/support/method_handler.h
  -- Up-to-date: C:/Program Files/grpc/include/grpcpp/support/proto_buffer_reader.h
  -- Up-to-date: C:/Program Files/grpc/include/grpcpp/support/proto_buffer_writer.h
  -- Up-to-date: C:/Program Files/grpc/include/grpcpp/support/server_callback.h
  -- Up-to-date: C:/Program Files/grpc/include/grpcpp/support/server_interceptor.h
  -- Up-to-date: C:/Program Files/grpc/include/grpcpp/support/slice.h
  -- Up-to-date: C:/Program Files/grpc/include/grpcpp/support/status.h
  -- Up-to-date: C:/Program Files/grpc/include/grpcpp/support/status_code_enum.h
  -- Up-to-date: C:/Program Files/grpc/include/grpcpp/support/string_ref.h
  -- Up-to-date: C:/Program Files/grpc/include/grpcpp/support/stub_options.h
  -- Up-to-date: C:/Program Files/grpc/include/grpcpp/support/sync_stream.h
  -- Up-to-date: C:/Program Files/grpc/include/grpcpp/support/time.h
  -- Up-to-date: C:/Program Files/grpc/include/grpcpp/support/validate_service_config.h
  -- Up-to-date: C:/Program Files/grpc/include/grpcpp/xds_server_builder.h
  -- Installing: C:/Program Files/grpc/lib/grpc++.lib
  -- Up-to-date: C:/Program Files/grpc/include/grpcpp/security/alts_context.h
  -- Up-to-date: C:/Program Files/grpc/include/grpcpp/security/alts_util.h
  -- Installing: C:/Program Files/grpc/lib/grpc++_alts.lib
  -- Up-to-date: C:/Program Files/grpc/include/grpc++/support/error_details.h
  -- Up-to-date: C:/Program Files/grpc/include/grpcpp/support/error_details.h
  -- Installing: C:/Program Files/grpc/lib/grpc++_error_details.lib
  -- Up-to-date: C:/Program Files/grpc/include/grpc++/ext/proto_server_reflection_plugin.h
  -- Up-to-date: C:/Program Files/grpc/include/grpcpp/ext/proto_server_reflection_plugin.h
  -- Installing: C:/Program Files/grpc/lib/grpc++_reflection.lib
  -- Up-to-date: C:/Program Files/grpc/include/grpc++/alarm.h
  -- Up-to-date: C:/Program Files/grpc/include/grpc++/channel.h
  -- Up-to-date: C:/Program Files/grpc/include/grpc++/client_context.h
  -- Up-to-date: C:/Program Files/grpc/include/grpc++/completion_queue.h
  -- Up-to-date: C:/Program Files/grpc/include/grpc++/create_channel.h
  -- Up-to-date: C:/Program Files/grpc/include/grpc++/create_channel_posix.h
  -- Up-to-date: C:/Program Files/grpc/include/grpc++/ext/health_check_service_server_builder_option.h
  -- Up-to-date: C:/Program Files/grpc/include/grpc++/generic/async_generic_service.h
  -- Up-to-date: C:/Program Files/grpc/include/grpc++/generic/generic_stub.h
  -- Up-to-date: C:/Program Files/grpc/include/grpc++/grpc++.h
  -- Up-to-date: C:/Program Files/grpc/include/grpc++/health_check_service_interface.h
  -- Up-to-date: C:/Program Files/grpc/include/grpc++/impl/call.h
  -- Up-to-date: C:/Program Files/grpc/include/grpc++/impl/channel_argument_option.h
  -- Up-to-date: C:/Program Files/grpc/include/grpc++/impl/client_unary_call.h
  -- Up-to-date: C:/Program Files/grpc/include/grpc++/impl/codegen/async_stream.h
  -- Up-to-date: C:/Program Files/grpc/include/grpc++/impl/codegen/async_unary_call.h
  -- Up-to-date: C:/Program Files/grpc/include/grpc++/impl/codegen/byte_buffer.h
  -- Up-to-date: C:/Program Files/grpc/include/grpc++/impl/codegen/call.h
  -- Up-to-date: C:/Program Files/grpc/include/grpc++/impl/codegen/call_hook.h
  -- Up-to-date: C:/Program Files/grpc/include/grpc++/impl/codegen/channel_interface.h
  -- Up-to-date: C:/Program Files/grpc/include/grpc++/impl/codegen/client_context.h
  -- Up-to-date: C:/Program Files/grpc/include/grpc++/impl/codegen/client_unary_call.h
  -- Up-to-date: C:/Program Files/grpc/include/grpc++/impl/codegen/completion_queue.h
  -- Up-to-date: C:/Program Files/grpc/include/grpc++/impl/codegen/completion_queue_tag.h
  -- Up-to-date: C:/Program Files/grpc/include/grpc++/impl/codegen/config.h
  -- Up-to-date: C:/Program Files/grpc/include/grpc++/impl/codegen/config_protobuf.h
  -- Up-to-date: C:/Program Files/grpc/include/grpc++/impl/codegen/core_codegen.h
  -- Up-to-date: C:/Program Files/grpc/include/grpc++/impl/codegen/core_codegen_interface.h
  -- Up-to-date: C:/Program Files/grpc/include/grpc++/impl/codegen/create_auth_context.h
  -- Up-to-date: C:/Program Files/grpc/include/grpc++/impl/codegen/grpc_library.h
  -- Up-to-date: C:/Program Files/grpc/include/grpc++/impl/codegen/metadata_map.h
  -- Up-to-date: C:/Program Files/grpc/include/grpc++/impl/codegen/method_handler_impl.h
  -- Up-to-date: C:/Program Files/grpc/include/grpc++/impl/codegen/proto_utils.h
  -- Up-to-date: C:/Program Files/grpc/include/grpc++/impl/codegen/rpc_method.h
  -- Up-to-date: C:/Program Files/grpc/include/grpc++/impl/codegen/rpc_service_method.h
  -- Up-to-date: C:/Program Files/grpc/include/grpc++/impl/codegen/security/auth_context.h
  -- Up-to-date: C:/Program Files/grpc/include/grpc++/impl/codegen/serialization_traits.h
  -- Up-to-date: C:/Program Files/grpc/include/grpc++/impl/codegen/server_context.h
  -- Up-to-date: C:/Program Files/grpc/include/grpc++/impl/codegen/server_interface.h
  -- Up-to-date: C:/Program Files/grpc/include/grpc++/impl/codegen/service_type.h
  -- Up-to-date: C:/Program Files/grpc/include/grpc++/impl/codegen/slice.h
  -- Up-to-date: C:/Program Files/grpc/include/grpc++/impl/codegen/status.h
  -- Up-to-date: C:/Program Files/grpc/include/grpc++/impl/codegen/status_code_enum.h
  -- Up-to-date: C:/Program Files/grpc/include/grpc++/impl/codegen/string_ref.h
  -- Up-to-date: C:/Program Files/grpc/include/grpc++/impl/codegen/stub_options.h
  -- Up-to-date: C:/Program Files/grpc/include/grpc++/impl/codegen/sync_stream.h
  -- Up-to-date: C:/Program Files/grpc/include/grpc++/impl/codegen/time.h
  -- Up-to-date: C:/Program Files/grpc/include/grpc++/impl/grpc_library.h
  -- Up-to-date: C:/Program Files/grpc/include/grpc++/impl/method_handler_impl.h
  -- Up-to-date: C:/Program Files/grpc/include/grpc++/impl/rpc_method.h
  -- Up-to-date: C:/Program Files/grpc/include/grpc++/impl/rpc_service_method.h
  -- Up-to-date: C:/Program Files/grpc/include/grpc++/impl/serialization_traits.h
  -- Up-to-date: C:/Program Files/grpc/include/grpc++/impl/server_builder_option.h
  -- Up-to-date: C:/Program Files/grpc/include/grpc++/impl/server_builder_plugin.h
  -- Up-to-date: C:/Program Files/grpc/include/grpc++/impl/server_initializer.h
  -- Up-to-date: C:/Program Files/grpc/include/grpc++/impl/service_type.h
  -- Up-to-date: C:/Program Files/grpc/include/grpc++/resource_quota.h
  -- Up-to-date: C:/Program Files/grpc/include/grpc++/security/auth_context.h
  -- Up-to-date: C:/Program Files/grpc/include/grpc++/security/auth_metadata_processor.h
  -- Up-to-date: C:/Program Files/grpc/include/grpc++/security/credentials.h
  -- Up-to-date: C:/Program Files/grpc/include/grpc++/security/server_credentials.h
  -- Up-to-date: C:/Program Files/grpc/include/grpc++/server.h
  -- Up-to-date: C:/Program Files/grpc/include/grpc++/server_builder.h
  -- Up-to-date: C:/Program Files/grpc/include/grpc++/server_context.h
  -- Up-to-date: C:/Program Files/grpc/include/grpc++/server_posix.h
  -- Up-to-date: C:/Program Files/grpc/include/grpc++/support/async_stream.h
  -- Up-to-date: C:/Program Files/grpc/include/grpc++/support/async_unary_call.h
  -- Up-to-date: C:/Program Files/grpc/include/grpc++/support/byte_buffer.h
  -- Up-to-date: C:/Program Files/grpc/include/grpc++/support/channel_arguments.h
  -- Up-to-date: C:/Program Files/grpc/include/grpc++/support/config.h
  -- Up-to-date: C:/Program Files/grpc/include/grpc++/support/slice.h
  -- Up-to-date: C:/Program Files/grpc/include/grpc++/support/status.h
  -- Up-to-date: C:/Program Files/grpc/include/grpc++/support/status_code_enum.h
  -- Up-to-date: C:/Program Files/grpc/include/grpc++/support/string_ref.h
  -- Up-to-date: C:/Program Files/grpc/include/grpc++/support/stub_options.h
  -- Up-to-date: C:/Program Files/grpc/include/grpc++/support/sync_stream.h
  -- Up-to-date: C:/Program Files/grpc/include/grpc++/support/time.h
  -- Up-to-date: C:/Program Files/grpc/include/grpcpp/alarm.h
  -- Up-to-date: C:/Program Files/grpc/include/grpcpp/channel.h
  -- Up-to-date: C:/Program Files/grpc/include/grpcpp/client_context.h
  -- Up-to-date: C:/Program Files/grpc/include/grpcpp/completion_queue.h
  -- Up-to-date: C:/Program Files/grpc/include/grpcpp/create_channel.h
  -- Up-to-date: C:/Program Files/grpc/include/grpcpp/create_channel_posix.h
  -- Up-to-date: C:/Program Files/grpc/include/grpcpp/ext/health_check_service_server_builder_option.h
  -- Up-to-date: C:/Program Files/grpc/include/grpcpp/generic/async_generic_service.h
  -- Up-to-date: C:/Program Files/grpc/include/grpcpp/generic/generic_stub.h
  -- Up-to-date: C:/Program Files/grpc/include/grpcpp/grpcpp.h
  -- Up-to-date: C:/Program Files/grpc/include/grpcpp/health_check_service_interface.h
  -- Up-to-date: C:/Program Files/grpc/include/grpcpp/impl/call.h
  -- Up-to-date: C:/Program Files/grpc/include/grpcpp/impl/channel_argument_option.h
  -- Up-to-date: C:/Program Files/grpc/include/grpcpp/impl/client_unary_call.h
  -- Up-to-date: C:/Program Files/grpc/include/grpcpp/impl/codegen/async_generic_service.h
  -- Up-to-date: C:/Program Files/grpc/include/grpcpp/impl/codegen/async_stream.h
  -- Up-to-date: C:/Program Files/grpc/include/grpcpp/impl/codegen/async_unary_call.h
  -- Up-to-date: C:/Program Files/grpc/include/grpcpp/impl/codegen/byte_buffer.h
  -- Up-to-date: C:/Program Files/grpc/include/grpcpp/impl/codegen/call.h
  -- Up-to-date: C:/Program Files/grpc/include/grpcpp/impl/codegen/call_hook.h
  -- Up-to-date: C:/Program Files/grpc/include/grpcpp/impl/codegen/call_op_set.h
  -- Up-to-date: C:/Program Files/grpc/include/grpcpp/impl/codegen/call_op_set_interface.h
  -- Up-to-date: C:/Program Files/grpc/include/grpcpp/impl/codegen/callback_common.h
  -- Up-to-date: C:/Program Files/grpc/include/grpcpp/impl/codegen/channel_interface.h
  -- Up-to-date: C:/Program Files/grpc/include/grpcpp/impl/codegen/client_callback.h
  -- Up-to-date: C:/Program Files/grpc/include/grpcpp/impl/codegen/client_context.h
  -- Up-to-date: C:/Program Files/grpc/include/grpcpp/impl/codegen/client_interceptor.h
  -- Up-to-date: C:/Program Files/grpc/include/grpcpp/impl/codegen/client_unary_call.h
  -- Up-to-date: C:/Program Files/grpc/include/grpcpp/impl/codegen/completion_queue.h
  -- Up-to-date: C:/Program Files/grpc/include/grpcpp/impl/codegen/completion_queue_tag.h
  -- Up-to-date: C:/Program Files/grpc/include/grpcpp/impl/codegen/config.h
  -- Up-to-date: C:/Program Files/grpc/include/grpcpp/impl/codegen/config_protobuf.h
  -- Up-to-date: C:/Program Files/grpc/include/grpcpp/impl/codegen/core_codegen.h
  -- Up-to-date: C:/Program Files/grpc/include/grpcpp/impl/codegen/core_codegen_interface.h
  -- Up-to-date: C:/Program Files/grpc/include/grpcpp/impl/codegen/create_auth_context.h
  -- Up-to-date: C:/Program Files/grpc/include/grpcpp/impl/codegen/delegating_channel.h
  -- Up-to-date: C:/Program Files/grpc/include/grpcpp/impl/codegen/grpc_library.h
  -- Up-to-date: C:/Program Files/grpc/include/grpcpp/impl/codegen/intercepted_channel.h
  -- Up-to-date: C:/Program Files/grpc/include/grpcpp/impl/codegen/interceptor.h
  -- Up-to-date: C:/Program Files/grpc/include/grpcpp/impl/codegen/interceptor_common.h
  -- Up-to-date: C:/Program Files/grpc/include/grpcpp/impl/codegen/message_allocator.h
  -- Up-to-date: C:/Program Files/grpc/include/grpcpp/impl/codegen/metadata_map.h
  -- Up-to-date: C:/Program Files/grpc/include/grpcpp/impl/codegen/method_handler.h
  -- Up-to-date: C:/Program Files/grpc/include/grpcpp/impl/codegen/proto_buffer_reader.h
  -- Up-to-date: C:/Program Files/grpc/include/grpcpp/impl/codegen/proto_buffer_writer.h
  -- Up-to-date: C:/Program Files/grpc/include/grpcpp/impl/codegen/proto_utils.h
  -- Up-to-date: C:/Program Files/grpc/include/grpcpp/impl/codegen/rpc_method.h
  -- Up-to-date: C:/Program Files/grpc/include/grpcpp/impl/codegen/rpc_service_method.h
  -- Up-to-date: C:/Program Files/grpc/include/grpcpp/impl/codegen/security/auth_context.h
  -- Up-to-date: C:/Program Files/grpc/include/grpcpp/impl/codegen/serialization_traits.h
  -- Up-to-date: C:/Program Files/grpc/include/grpcpp/impl/codegen/server_callback.h
  -- Up-to-date: C:/Program Files/grpc/include/grpcpp/impl/codegen/server_callback_handlers.h
  -- Up-to-date: C:/Program Files/grpc/include/grpcpp/impl/codegen/server_context.h
  -- Up-to-date: C:/Program Files/grpc/include/grpcpp/impl/codegen/server_interceptor.h
  -- Up-to-date: C:/Program Files/grpc/include/grpcpp/impl/codegen/server_interface.h
  -- Up-to-date: C:/Program Files/grpc/include/grpcpp/impl/codegen/service_type.h
  -- Up-to-date: C:/Program Files/grpc/include/grpcpp/impl/codegen/slice.h
  -- Up-to-date: C:/Program Files/grpc/include/grpcpp/impl/codegen/status.h
  -- Up-to-date: C:/Program Files/grpc/include/grpcpp/impl/codegen/status_code_enum.h
  -- Up-to-date: C:/Program Files/grpc/include/grpcpp/impl/codegen/string_ref.h
  -- Up-to-date: C:/Program Files/grpc/include/grpcpp/impl/codegen/stub_options.h
  -- Up-to-date: C:/Program Files/grpc/include/grpcpp/impl/codegen/sync.h
  -- Up-to-date: C:/Program Files/grpc/include/grpcpp/impl/codegen/sync_stream.h
  -- Up-to-date: C:/Program Files/grpc/include/grpcpp/impl/codegen/time.h
  -- Up-to-date: C:/Program Files/grpc/include/grpcpp/impl/grpc_library.h
  -- Up-to-date: C:/Program Files/grpc/include/grpcpp/impl/method_handler_impl.h
  -- Up-to-date: C:/Program Files/grpc/include/grpcpp/impl/rpc_method.h
  -- Up-to-date: C:/Program Files/grpc/include/grpcpp/impl/rpc_service_method.h
  -- Up-to-date: C:/Program Files/grpc/include/grpcpp/impl/serialization_traits.h
  -- Up-to-date: C:/Program Files/grpc/include/grpcpp/impl/server_builder_option.h
  -- Up-to-date: C:/Program Files/grpc/include/grpcpp/impl/server_builder_plugin.h
  -- Up-to-date: C:/Program Files/grpc/include/grpcpp/impl/server_initializer.h
  -- Up-to-date: C:/Program Files/grpc/include/grpcpp/impl/service_type.h
  -- Up-to-date: C:/Program Files/grpc/include/grpcpp/resource_quota.h
  -- Up-to-date: C:/Program Files/grpc/include/grpcpp/security/auth_context.h
  -- Up-to-date: C:/Program Files/grpc/include/grpcpp/security/auth_metadata_processor.h
  -- Up-to-date: C:/Program Files/grpc/include/grpcpp/security/credentials.h
  -- Up-to-date: C:/Program Files/grpc/include/grpcpp/security/server_credentials.h
  -- Up-to-date: C:/Program Files/grpc/include/grpcpp/security/tls_certificate_provider.h
  -- Up-to-date: C:/Program Files/grpc/include/grpcpp/security/tls_credentials_options.h
  -- Up-to-date: C:/Program Files/grpc/include/grpcpp/server.h
  -- Up-to-date: C:/Program Files/grpc/include/grpcpp/server_builder.h
  -- Up-to-date: C:/Program Files/grpc/include/grpcpp/server_context.h
  -- Up-to-date: C:/Program Files/grpc/include/grpcpp/server_posix.h
  -- Up-to-date: C:/Program Files/grpc/include/grpcpp/support/async_stream.h
  -- Up-to-date: C:/Program Files/grpc/include/grpcpp/support/async_unary_call.h
  -- Up-to-date: C:/Program Files/grpc/include/grpcpp/support/byte_buffer.h
  -- Up-to-date: C:/Program Files/grpc/include/grpcpp/support/channel_arguments.h
  -- Up-to-date: C:/Program Files/grpc/include/grpcpp/support/client_callback.h
  -- Up-to-date: C:/Program Files/grpc/include/grpcpp/support/client_interceptor.h
  -- Up-to-date: C:/Program Files/grpc/include/grpcpp/support/config.h
  -- Up-to-date: C:/Program Files/grpc/include/grpcpp/support/interceptor.h
  -- Up-to-date: C:/Program Files/grpc/include/grpcpp/support/message_allocator.h
  -- Up-to-date: C:/Program Files/grpc/include/grpcpp/support/method_handler.h
  -- Up-to-date: C:/Program Files/grpc/include/grpcpp/support/proto_buffer_reader.h
  -- Up-to-date: C:/Program Files/grpc/include/grpcpp/support/proto_buffer_writer.h
  -- Up-to-date: C:/Program Files/grpc/include/grpcpp/support/server_callback.h
  -- Up-to-date: C:/Program Files/grpc/include/grpcpp/support/server_interceptor.h
  -- Up-to-date: C:/Program Files/grpc/include/grpcpp/support/slice.h
  -- Up-to-date: C:/Program Files/grpc/include/grpcpp/support/status.h
  -- Up-to-date: C:/Program Files/grpc/include/grpcpp/support/status_code_enum.h
  -- Up-to-date: C:/Program Files/grpc/include/grpcpp/support/string_ref.h
  -- Up-to-date: C:/Program Files/grpc/include/grpcpp/support/stub_options.h
  -- Up-to-date: C:/Program Files/grpc/include/grpcpp/support/sync_stream.h
  -- Up-to-date: C:/Program Files/grpc/include/grpcpp/support/time.h
  -- Up-to-date: C:/Program Files/grpc/include/grpcpp/support/validate_service_config.h
  -- Installing: C:/Program Files/grpc/lib/grpc++_unsecure.lib
  -- Up-to-date: C:/Program Files/grpc/include/grpc++/impl/codegen/config_protobuf.h
  -- Up-to-date: C:/Program Files/grpc/include/grpcpp/impl/codegen/config_protobuf.h
  -- Installing: C:/Program Files/grpc/lib/grpc_plugin_support.lib
  -- Up-to-date: C:/Program Files/grpc/include/grpcpp/ext/channelz_service_plugin.h
  -- Installing: C:/Program Files/grpc/lib/grpcpp_channelz.lib
  -- Installing: C:/Program Files/grpc/lib/upb.lib
  -- Installing: C:/Program Files/grpc/bin/grpc_cpp_plugin.exe
  -- Installing: C:/Program Files/grpc/bin/grpc_csharp_plugin.exe
  -- Installing: C:/Program Files/grpc/bin/grpc_node_plugin.exe
  -- Installing: C:/Program Files/grpc/bin/grpc_objective_c_plugin.exe
  -- Installing: C:/Program Files/grpc/bin/grpc_php_plugin.exe
  -- Installing: C:/Program Files/grpc/bin/grpc_python_plugin.exe
  -- Installing: C:/Program Files/grpc/bin/grpc_ruby_plugin.exe
  -- Up-to-date: C:/Program Files/grpc/lib/cmake/grpc/gRPCTargets.cmake
  -- Up-to-date: C:/Program Files/grpc/lib/cmake/grpc/gRPCTargets-release.cmake
  -- Up-to-date: C:/Program Files/grpc/lib/cmake/grpc/gRPCConfig.cmake
  -- Up-to-date: C:/Program Files/grpc/lib/cmake/grpc/gRPCConfigVersion.cmake
  -- Up-to-date: C:/Program Files/grpc/lib/cmake/grpc/modules/Findc-ares.cmake
  -- Up-to-date: C:/Program Files/grpc/lib/cmake/grpc/modules/Findre2.cmake
  -- Up-to-date: C:/Program Files/grpc/share/grpc/roots.pem
  -- Up-to-date: C:/Program Files/grpc/lib/pkgconfig/gpr.pc
  -- Up-to-date: C:/Program Files/grpc/lib/pkgconfig/grpc.pc
  -- Up-to-date: C:/Program Files/grpc/lib/pkgconfig/grpc_unsecure.pc
  -- Up-to-date: C:/Program Files/grpc/lib/pkgconfig/grpc++.pc
  -- Up-to-date: C:/Program Files/grpc/lib/pkgconfig/grpc++_unsecure.pc
  -- Up-to-date: C:/Program Files/grpc/lib/pkgconfig/absl_absl_atomic_hook.pc
  -- Up-to-date: C:/Program Files/grpc/lib/pkgconfig/absl_absl_errno_saver.pc
  -- Up-to-date: C:/Program Files/grpc/lib/pkgconfig/absl_absl_log_severity.pc
  -- Up-to-date: C:/Program Files/grpc/lib/pkgconfig/absl_absl_raw_logging_internal.pc
  -- Up-to-date: C:/Program Files/grpc/lib/pkgconfig/absl_absl_spinlock_wait.pc
  -- Up-to-date: C:/Program Files/grpc/lib/pkgconfig/absl_absl_config.pc
  -- Up-to-date: C:/Program Files/grpc/lib/pkgconfig/absl_absl_dynamic_annotations.pc
  -- Up-to-date: C:/Program Files/grpc/lib/pkgconfig/absl_absl_core_headers.pc
  -- Up-to-date: C:/Program Files/grpc/lib/pkgconfig/absl_absl_malloc_internal.pc
  -- Up-to-date: C:/Program Files/grpc/lib/pkgconfig/absl_absl_base_internal.pc
  -- Up-to-date: C:/Program Files/grpc/lib/pkgconfig/absl_absl_base.pc
  -- Up-to-date: C:/Program Files/grpc/lib/pkgconfig/absl_absl_throw_delegate.pc
  -- Up-to-date: C:/Program Files/grpc/lib/pkgconfig/absl_absl_pretty_function.pc
  -- Up-to-date: C:/Program Files/grpc/lib/pkgconfig/absl_absl_endian.pc
  -- Up-to-date: C:/Program Files/grpc/lib/pkgconfig/absl_absl_exponential_biased.pc
  -- Up-to-date: C:/Program Files/grpc/lib/pkgconfig/absl_absl_periodic_sampler.pc
  -- Up-to-date: C:/Program Files/grpc/lib/pkgconfig/absl_absl_scoped_set_env.pc
  -- Up-to-date: C:/Program Files/grpc/lib/pkgconfig/absl_absl_strerror.pc
  -- Up-to-date: C:/Program Files/grpc/lib/pkgconfig/absl_absl_fast_type_id.pc
  -- Up-to-date: C:/Program Files/grpc/lib/pkgconfig/absl_absl_algorithm.pc
  -- Up-to-date: C:/Program Files/grpc/lib/pkgconfig/absl_absl_algorithm_container.pc
  -- Up-to-date: C:/Program Files/grpc/lib/pkgconfig/absl_absl_container.pc
  -- Up-to-date: C:/Program Files/grpc/lib/pkgconfig/absl_absl_btree.pc
  -- Up-to-date: C:/Program Files/grpc/lib/pkgconfig/absl_absl_compressed_tuple.pc
  -- Up-to-date: C:/Program Files/grpc/lib/pkgconfig/absl_absl_fixed_array.pc
  -- Up-to-date: C:/Program Files/grpc/lib/pkgconfig/absl_absl_inlined_vector_internal.pc
  -- Up-to-date: C:/Program Files/grpc/lib/pkgconfig/absl_absl_inlined_vector.pc
  -- Up-to-date: C:/Program Files/grpc/lib/pkgconfig/absl_absl_counting_allocator.pc
  -- Up-to-date: C:/Program Files/grpc/lib/pkgconfig/absl_absl_flat_hash_map.pc
  -- Up-to-date: C:/Program Files/grpc/lib/pkgconfig/absl_absl_flat_hash_set.pc
  -- Up-to-date: C:/Program Files/grpc/lib/pkgconfig/absl_absl_node_hash_map.pc
  -- Up-to-date: C:/Program Files/grpc/lib/pkgconfig/absl_absl_node_hash_set.pc
  -- Up-to-date: C:/Program Files/grpc/lib/pkgconfig/absl_absl_container_memory.pc
  -- Up-to-date: C:/Program Files/grpc/lib/pkgconfig/absl_absl_hash_function_defaults.pc
  -- Up-to-date: C:/Program Files/grpc/lib/pkgconfig/absl_absl_hash_policy_traits.pc
  -- Up-to-date: C:/Program Files/grpc/lib/pkgconfig/absl_absl_hashtablez_sampler.pc
  -- Up-to-date: C:/Program Files/grpc/lib/pkgconfig/absl_absl_hashtable_debug.pc
  -- Up-to-date: C:/Program Files/grpc/lib/pkgconfig/absl_absl_hashtable_debug_hooks.pc
  -- Up-to-date: C:/Program Files/grpc/lib/pkgconfig/absl_absl_have_sse.pc
  -- Up-to-date: C:/Program Files/grpc/lib/pkgconfig/absl_absl_node_hash_policy.pc
  -- Up-to-date: C:/Program Files/grpc/lib/pkgconfig/absl_absl_raw_hash_map.pc
  -- Up-to-date: C:/Program Files/grpc/lib/pkgconfig/absl_absl_container_common.pc
  -- Up-to-date: C:/Program Files/grpc/lib/pkgconfig/absl_absl_raw_hash_set.pc
  -- Up-to-date: C:/Program Files/grpc/lib/pkgconfig/absl_absl_layout.pc
  -- Up-to-date: C:/Program Files/grpc/lib/pkgconfig/absl_absl_stacktrace.pc
  -- Up-to-date: C:/Program Files/grpc/lib/pkgconfig/absl_absl_symbolize.pc
  -- Up-to-date: C:/Program Files/grpc/lib/pkgconfig/absl_absl_examine_stack.pc
  -- Up-to-date: C:/Program Files/grpc/lib/pkgconfig/absl_absl_failure_signal_handler.pc
  -- Up-to-date: C:/Program Files/grpc/lib/pkgconfig/absl_absl_debugging_internal.pc
  -- Up-to-date: C:/Program Files/grpc/lib/pkgconfig/absl_absl_demangle_internal.pc
  -- Up-to-date: C:/Program Files/grpc/lib/pkgconfig/absl_absl_leak_check.pc
  -- Up-to-date: C:/Program Files/grpc/lib/pkgconfig/absl_absl_leak_check_disable.pc
  -- Up-to-date: C:/Program Files/grpc/lib/pkgconfig/absl_absl_debugging.pc
  -- Up-to-date: C:/Program Files/grpc/lib/pkgconfig/absl_absl_flags_path_util.pc
  -- Up-to-date: C:/Program Files/grpc/lib/pkgconfig/absl_absl_flags_program_name.pc
  -- Up-to-date: C:/Program Files/grpc/lib/pkgconfig/absl_absl_flags_config.pc
  -- Up-to-date: C:/Program Files/grpc/lib/pkgconfig/absl_absl_flags_marshalling.pc
  -- Up-to-date: C:/Program Files/grpc/lib/pkgconfig/absl_absl_flags_commandlineflag_internal.pc
  -- Up-to-date: C:/Program Files/grpc/lib/pkgconfig/absl_absl_flags_commandlineflag.pc
  -- Up-to-date: C:/Program Files/grpc/lib/pkgconfig/absl_absl_flags_private_handle_accessor.pc
  -- Up-to-date: C:/Program Files/grpc/lib/pkgconfig/absl_absl_flags_reflection.pc
  -- Up-to-date: C:/Program Files/grpc/lib/pkgconfig/absl_absl_flags_internal.pc
  -- Up-to-date: C:/Program Files/grpc/lib/pkgconfig/absl_absl_flags.pc
  -- Up-to-date: C:/Program Files/grpc/lib/pkgconfig/absl_absl_flags_usage_internal.pc
  -- Up-to-date: C:/Program Files/grpc/lib/pkgconfig/absl_absl_flags_usage.pc
  -- Up-to-date: C:/Program Files/grpc/lib/pkgconfig/absl_absl_flags_parse.pc
  -- Up-to-date: C:/Program Files/grpc/lib/pkgconfig/absl_absl_bind_front.pc
  -- Up-to-date: C:/Program Files/grpc/lib/pkgconfig/absl_absl_function_ref.pc
  -- Up-to-date: C:/Program Files/grpc/lib/pkgconfig/absl_absl_hash.pc
  -- Up-to-date: C:/Program Files/grpc/lib/pkgconfig/absl_absl_city.pc
  -- Up-to-date: C:/Program Files/grpc/lib/pkgconfig/absl_absl_wyhash.pc
  -- Up-to-date: C:/Program Files/grpc/lib/pkgconfig/absl_absl_memory.pc
  -- Up-to-date: C:/Program Files/grpc/lib/pkgconfig/absl_absl_type_traits.pc
  -- Up-to-date: C:/Program Files/grpc/lib/pkgconfig/absl_absl_meta.pc
  -- Up-to-date: C:/Program Files/grpc/lib/pkgconfig/absl_absl_bits.pc
  -- Up-to-date: C:/Program Files/grpc/lib/pkgconfig/absl_absl_int128.pc
  -- Up-to-date: C:/Program Files/grpc/lib/pkgconfig/absl_absl_numeric.pc
  -- Up-to-date: C:/Program Files/grpc/lib/pkgconfig/absl_absl_random_random.pc
  -- Up-to-date: C:/Program Files/grpc/lib/pkgconfig/absl_absl_random_bit_gen_ref.pc
  -- Up-to-date: C:/Program Files/grpc/lib/pkgconfig/absl_absl_random_internal_mock_helpers.pc
  -- Up-to-date: C:/Program Files/grpc/lib/pkgconfig/absl_absl_random_distributions.pc
  -- Up-to-date: C:/Program Files/grpc/lib/pkgconfig/absl_absl_random_seed_gen_exception.pc
  -- Up-to-date: C:/Program Files/grpc/lib/pkgconfig/absl_absl_random_seed_sequences.pc
  -- Up-to-date: C:/Program Files/grpc/lib/pkgconfig/absl_absl_random_internal_traits.pc
  -- Up-to-date: C:/Program Files/grpc/lib/pkgconfig/absl_absl_random_internal_distribution_caller.pc
  -- Up-to-date: C:/Program Files/grpc/lib/pkgconfig/absl_absl_random_internal_fast_uniform_bits.pc
  -- Up-to-date: C:/Program Files/grpc/lib/pkgconfig/absl_absl_random_internal_seed_material.pc
  -- Up-to-date: C:/Program Files/grpc/lib/pkgconfig/absl_absl_random_internal_pool_urbg.pc
  -- Up-to-date: C:/Program Files/grpc/lib/pkgconfig/absl_absl_random_internal_salted_seed_seq.pc
  -- Up-to-date: C:/Program Files/grpc/lib/pkgconfig/absl_absl_random_internal_iostream_state_saver.pc
  -- Up-to-date: C:/Program Files/grpc/lib/pkgconfig/absl_absl_random_internal_generate_real.pc
  -- Up-to-date: C:/Program Files/grpc/lib/pkgconfig/absl_absl_random_internal_wide_multiply.pc
  -- Up-to-date: C:/Program Files/grpc/lib/pkgconfig/absl_absl_random_internal_fastmath.pc
  -- Up-to-date: C:/Program Files/grpc/lib/pkgconfig/absl_absl_random_internal_nonsecure_base.pc
  -- Up-to-date: C:/Program Files/grpc/lib/pkgconfig/absl_absl_random_internal_pcg_engine.pc
  -- Up-to-date: C:/Program Files/grpc/lib/pkgconfig/absl_absl_random_internal_randen_engine.pc
  -- Up-to-date: C:/Program Files/grpc/lib/pkgconfig/absl_absl_random_internal_platform.pc
  -- Up-to-date: C:/Program Files/grpc/lib/pkgconfig/absl_absl_random_internal_randen.pc
  -- Up-to-date: C:/Program Files/grpc/lib/pkgconfig/absl_absl_random_internal_randen_slow.pc
  -- Up-to-date: C:/Program Files/grpc/lib/pkgconfig/absl_absl_random_internal_randen_hwaes.pc
  -- Up-to-date: C:/Program Files/grpc/lib/pkgconfig/absl_absl_random_internal_randen_hwaes_impl.pc
  -- Up-to-date: C:/Program Files/grpc/lib/pkgconfig/absl_absl_random_internal_distribution_test_util.pc
  -- Up-to-date: C:/Program Files/grpc/lib/pkgconfig/absl_absl_random_internal_uniform_helper.pc
  -- Up-to-date: C:/Program Files/grpc/lib/pkgconfig/absl_absl_status.pc
  -- Up-to-date: C:/Program Files/grpc/lib/pkgconfig/absl_absl_statusor.pc
  -- Up-to-date: C:/Program Files/grpc/lib/pkgconfig/absl_absl_strings.pc
  -- Up-to-date: C:/Program Files/grpc/lib/pkgconfig/absl_absl_strings_internal.pc
  -- Up-to-date: C:/Program Files/grpc/lib/pkgconfig/absl_absl_str_format.pc
  -- Up-to-date: C:/Program Files/grpc/lib/pkgconfig/absl_absl_str_format_internal.pc
  -- Up-to-date: C:/Program Files/grpc/lib/pkgconfig/absl_absl_cord.pc
  -- Up-to-date: C:/Program Files/grpc/lib/pkgconfig/absl_absl_graphcycles_internal.pc
  -- Up-to-date: C:/Program Files/grpc/lib/pkgconfig/absl_absl_kernel_timeout_internal.pc
  -- Up-to-date: C:/Program Files/grpc/lib/pkgconfig/absl_absl_synchronization.pc
  -- Up-to-date: C:/Program Files/grpc/lib/pkgconfig/absl_absl_time.pc
  -- Up-to-date: C:/Program Files/grpc/lib/pkgconfig/absl_absl_civil_time.pc
  -- Up-to-date: C:/Program Files/grpc/lib/pkgconfig/absl_absl_time_zone.pc
  -- Up-to-date: C:/Program Files/grpc/lib/pkgconfig/absl_absl_any.pc
  -- Up-to-date: C:/Program Files/grpc/lib/pkgconfig/absl_absl_bad_any_cast.pc
  -- Up-to-date: C:/Program Files/grpc/lib/pkgconfig/absl_absl_bad_any_cast_impl.pc
  -- Up-to-date: C:/Program Files/grpc/lib/pkgconfig/absl_absl_span.pc
  -- Up-to-date: C:/Program Files/grpc/lib/pkgconfig/absl_absl_optional.pc
  -- Up-to-date: C:/Program Files/grpc/lib/pkgconfig/absl_absl_bad_optional_access.pc
  -- Up-to-date: C:/Program Files/grpc/lib/pkgconfig/absl_absl_bad_variant_access.pc
  -- Up-to-date: C:/Program Files/grpc/lib/pkgconfig/absl_absl_variant.pc
  -- Up-to-date: C:/Program Files/grpc/lib/pkgconfig/absl_absl_compare.pc
  -- Up-to-date: C:/Program Files/grpc/lib/pkgconfig/absl_absl_utility.pc
  -- Up-to-date: C:/Program Files/grpc/lib/cmake/c-ares/c-ares-targets.cmake
  -- Up-to-date: C:/Program Files/grpc/lib/cmake/c-ares/c-ares-targets-release.cmake
  -- Up-to-date: C:/Program Files/grpc/lib/cmake/c-ares/c-ares-config.cmake
  -- Up-to-date: C:/Program Files/grpc/lib/cmake/c-ares/c-ares-config-version.cmake
  -- Up-to-date: C:/Program Files/grpc/lib/pkgconfig/libcares.pc
  -- Up-to-date: C:/Program Files/grpc/include/ares.h
  -- Up-to-date: C:/Program Files/grpc/include/ares_version.h
  -- Up-to-date: C:/Program Files/grpc/include/ares_build.h
  -- Up-to-date: C:/Program Files/grpc/include/ares_rules.h
  -- Up-to-date: C:/Program Files/grpc/include/ares_dns.h
  -- Up-to-date: C:/Program Files/grpc/lib/cares.lib
  -- Installing: C:/Program Files/grpc/bin/ahost.exe
  -- Installing: C:/Program Files/grpc/bin/adig.exe
  -- Installing: C:/Program Files/grpc/bin/acountry.exe
  -- Up-to-date: C:/Program Files/grpc/share/man/man3/ares_cancel.3
  -- Up-to-date: C:/Program Files/grpc/share/man/man3/ares_create_query.3
  -- Up-to-date: C:/Program Files/grpc/share/man/man3/ares_destroy.3
  -- Up-to-date: C:/Program Files/grpc/share/man/man3/ares_destroy_options.3
  -- Up-to-date: C:/Program Files/grpc/share/man/man3/ares_dup.3
  -- Up-to-date: C:/Program Files/grpc/share/man/man3/ares_expand_name.3
  -- Up-to-date: C:/Program Files/grpc/share/man/man3/ares_expand_string.3
  -- Up-to-date: C:/Program Files/grpc/share/man/man3/ares_fds.3
  -- Up-to-date: C:/Program Files/grpc/share/man/man3/ares_free_data.3
  -- Up-to-date: C:/Program Files/grpc/share/man/man3/ares_free_hostent.3
  -- Up-to-date: C:/Program Files/grpc/share/man/man3/ares_free_string.3
  -- Up-to-date: C:/Program Files/grpc/share/man/man3/ares_freeaddrinfo.3
  -- Up-to-date: C:/Program Files/grpc/share/man/man3/ares_get_servers.3
  -- Up-to-date: C:/Program Files/grpc/share/man/man3/ares_get_servers_ports.3
  -- Up-to-date: C:/Program Files/grpc/share/man/man3/ares_getaddrinfo.3
  -- Up-to-date: C:/Program Files/grpc/share/man/man3/ares_gethostbyaddr.3
  -- Up-to-date: C:/Program Files/grpc/share/man/man3/ares_gethostbyname.3
  -- Up-to-date: C:/Program Files/grpc/share/man/man3/ares_gethostbyname_file.3
  -- Up-to-date: C:/Program Files/grpc/share/man/man3/ares_getnameinfo.3
  -- Up-to-date: C:/Program Files/grpc/share/man/man3/ares_getsock.3
  -- Up-to-date: C:/Program Files/grpc/share/man/man3/ares_inet_ntop.3
  -- Up-to-date: C:/Program Files/grpc/share/man/man3/ares_inet_pton.3
  -- Up-to-date: C:/Program Files/grpc/share/man/man3/ares_init.3
  -- Up-to-date: C:/Program Files/grpc/share/man/man3/ares_init_options.3
  -- Up-to-date: C:/Program Files/grpc/share/man/man3/ares_library_cleanup.3
  -- Up-to-date: C:/Program Files/grpc/share/man/man3/ares_library_init.3
  -- Up-to-date: C:/Program Files/grpc/share/man/man3/ares_library_init_android.3
  -- Up-to-date: C:/Program Files/grpc/share/man/man3/ares_library_initialized.3
  -- Up-to-date: C:/Program Files/grpc/share/man/man3/ares_mkquery.3
  -- Up-to-date: C:/Program Files/grpc/share/man/man3/ares_parse_a_reply.3
  -- Up-to-date: C:/Program Files/grpc/share/man/man3/ares_parse_aaaa_reply.3
  -- Up-to-date: C:/Program Files/grpc/share/man/man3/ares_parse_caa_reply.3
  -- Up-to-date: C:/Program Files/grpc/share/man/man3/ares_parse_mx_reply.3
  -- Up-to-date: C:/Program Files/grpc/share/man/man3/ares_parse_naptr_reply.3
  -- Up-to-date: C:/Program Files/grpc/share/man/man3/ares_parse_ns_reply.3
  -- Up-to-date: C:/Program Files/grpc/share/man/man3/ares_parse_ptr_reply.3
  -- Up-to-date: C:/Program Files/grpc/share/man/man3/ares_parse_soa_reply.3
  -- Up-to-date: C:/Program Files/grpc/share/man/man3/ares_parse_srv_reply.3
  -- Up-to-date: C:/Program Files/grpc/share/man/man3/ares_parse_txt_reply.3
  -- Up-to-date: C:/Program Files/grpc/share/man/man3/ares_process.3
  -- Up-to-date: C:/Program Files/grpc/share/man/man3/ares_query.3
  -- Up-to-date: C:/Program Files/grpc/share/man/man3/ares_save_options.3
  -- Up-to-date: C:/Program Files/grpc/share/man/man3/ares_search.3
  -- Up-to-date: C:/Program Files/grpc/share/man/man3/ares_send.3
  -- Up-to-date: C:/Program Files/grpc/share/man/man3/ares_set_local_dev.3
  -- Up-to-date: C:/Program Files/grpc/share/man/man3/ares_set_local_ip4.3
  -- Up-to-date: C:/Program Files/grpc/share/man/man3/ares_set_local_ip6.3
  -- Up-to-date: C:/Program Files/grpc/share/man/man3/ares_set_servers.3
  -- Up-to-date: C:/Program Files/grpc/share/man/man3/ares_set_servers_csv.3
  -- Up-to-date: C:/Program Files/grpc/share/man/man3/ares_set_servers_ports.3
  -- Up-to-date: C:/Program Files/grpc/share/man/man3/ares_set_servers_ports_csv.3
  -- Up-to-date: C:/Program Files/grpc/share/man/man3/ares_set_socket_callback.3
  -- Up-to-date: C:/Program Files/grpc/share/man/man3/ares_set_socket_configure_callback.3
  -- Up-to-date: C:/Program Files/grpc/share/man/man3/ares_set_socket_functions.3
  -- Up-to-date: C:/Program Files/grpc/share/man/man3/ares_set_sortlist.3
  -- Up-to-date: C:/Program Files/grpc/share/man/man3/ares_strerror.3
  -- Up-to-date: C:/Program Files/grpc/share/man/man3/ares_timeout.3
  -- Up-to-date: C:/Program Files/grpc/share/man/man3/ares_version.3
  -- Up-to-date: C:/Program Files/grpc/share/man/man1/acountry.1
  -- Up-to-date: C:/Program Files/grpc/share/man/man1/adig.1
  -- Up-to-date: C:/Program Files/grpc/share/man/man1/ahost.1
  -- Installing: C:/Program Files/grpc/lib/libprotobuf-lite.lib
  -- Installing: C:/Program Files/grpc/lib/libprotobuf.lib
  -- Installing: C:/Program Files/grpc/lib/libprotoc.lib
  -- Installing: C:/Program Files/grpc/bin/protoc.exe
  -- Up-to-date: C:/Program Files/grpc/lib/pkgconfig/protobuf.pc
  -- Up-to-date: C:/Program Files/grpc/lib/pkgconfig/protobuf-lite.pc
  -- Up-to-date: C:/Program Files/grpc/include/google/protobuf/any.h
  -- Up-to-date: C:/Program Files/grpc/include/google/protobuf/any.pb.h
  -- Up-to-date: C:/Program Files/grpc/include/google/protobuf/api.pb.h
  -- Up-to-date: C:/Program Files/grpc/include/google/protobuf/arena.h
  -- Up-to-date: C:/Program Files/grpc/include/google/protobuf/arena_impl.h
  -- Up-to-date: C:/Program Files/grpc/include/google/protobuf/arenastring.h
  -- Up-to-date: C:/Program Files/grpc/include/google/protobuf/compiler/code_generator.h
  -- Up-to-date: C:/Program Files/grpc/include/google/protobuf/compiler/command_line_interface.h
  -- Up-to-date: C:/Program Files/grpc/include/google/protobuf/compiler/cpp/cpp_generator.h
  -- Up-to-date: C:/Program Files/grpc/include/google/protobuf/compiler/csharp/csharp_generator.h
  -- Up-to-date: C:/Program Files/grpc/include/google/protobuf/compiler/csharp/csharp_names.h
  -- Up-to-date: C:/Program Files/grpc/include/google/protobuf/compiler/importer.h
  -- Up-to-date: C:/Program Files/grpc/include/google/protobuf/compiler/java/java_generator.h
  -- Up-to-date: C:/Program Files/grpc/include/google/protobuf/compiler/java/java_names.h
  -- Up-to-date: C:/Program Files/grpc/include/google/protobuf/compiler/js/js_generator.h
  -- Up-to-date: C:/Program Files/grpc/include/google/protobuf/compiler/js/well_known_types_embed.h
  -- Up-to-date: C:/Program Files/grpc/include/google/protobuf/compiler/objectivec/objectivec_generator.h
  -- Up-to-date: C:/Program Files/grpc/include/google/protobuf/compiler/objectivec/objectivec_helpers.h
  -- Up-to-date: C:/Program Files/grpc/include/google/protobuf/compiler/parser.h
  -- Up-to-date: C:/Program Files/grpc/include/google/protobuf/compiler/php/php_generator.h
  -- Up-to-date: C:/Program Files/grpc/include/google/protobuf/compiler/plugin.h
  -- Up-to-date: C:/Program Files/grpc/include/google/protobuf/compiler/plugin.pb.h
  -- Up-to-date: C:/Program Files/grpc/include/google/protobuf/compiler/python/python_generator.h
  -- Up-to-date: C:/Program Files/grpc/include/google/protobuf/compiler/ruby/ruby_generator.h
  -- Up-to-date: C:/Program Files/grpc/include/google/protobuf/descriptor.h
  -- Up-to-date: C:/Program Files/grpc/include/google/protobuf/descriptor.pb.h
  -- Up-to-date: C:/Program Files/grpc/include/google/protobuf/descriptor_database.h
  -- Up-to-date: C:/Program Files/grpc/include/google/protobuf/duration.pb.h
  -- Up-to-date: C:/Program Files/grpc/include/google/protobuf/dynamic_message.h
  -- Up-to-date: C:/Program Files/grpc/include/google/protobuf/empty.pb.h
  -- Up-to-date: C:/Program Files/grpc/include/google/protobuf/extension_set.h
  -- Up-to-date: C:/Program Files/grpc/include/google/protobuf/extension_set_inl.h
  -- Up-to-date: C:/Program Files/grpc/include/google/protobuf/field_mask.pb.h
  -- Up-to-date: C:/Program Files/grpc/include/google/protobuf/generated_enum_reflection.h
  -- Up-to-date: C:/Program Files/grpc/include/google/protobuf/generated_enum_util.h
  -- Up-to-date: C:/Program Files/grpc/include/google/protobuf/generated_message_reflection.h
  -- Up-to-date: C:/Program Files/grpc/include/google/protobuf/generated_message_table_driven.h
  -- Up-to-date: C:/Program Files/grpc/include/google/protobuf/generated_message_util.h
  -- Up-to-date: C:/Program Files/grpc/include/google/protobuf/has_bits.h
  -- Up-to-date: C:/Program Files/grpc/include/google/protobuf/implicit_weak_message.h
  -- Up-to-date: C:/Program Files/grpc/include/google/protobuf/io/coded_stream.h
  -- Up-to-date: C:/Program Files/grpc/include/google/protobuf/io/gzip_stream.h
  -- Up-to-date: C:/Program Files/grpc/include/google/protobuf/io/io_win32.h
  -- Up-to-date: C:/Program Files/grpc/include/google/protobuf/io/printer.h
  -- Up-to-date: C:/Program Files/grpc/include/google/protobuf/io/strtod.h
  -- Up-to-date: C:/Program Files/grpc/include/google/protobuf/io/tokenizer.h
  -- Up-to-date: C:/Program Files/grpc/include/google/protobuf/io/zero_copy_stream.h
  -- Up-to-date: C:/Program Files/grpc/include/google/protobuf/io/zero_copy_stream_impl.h
  -- Up-to-date: C:/Program Files/grpc/include/google/protobuf/io/zero_copy_stream_impl_lite.h
  -- Up-to-date: C:/Program Files/grpc/include/google/protobuf/map.h
  -- Up-to-date: C:/Program Files/grpc/include/google/protobuf/map_entry.h
  -- Up-to-date: C:/Program Files/grpc/include/google/protobuf/map_entry_lite.h
  -- Up-to-date: C:/Program Files/grpc/include/google/protobuf/map_field.h
  -- Up-to-date: C:/Program Files/grpc/include/google/protobuf/map_field_inl.h
  -- Up-to-date: C:/Program Files/grpc/include/google/protobuf/map_field_lite.h
  -- Up-to-date: C:/Program Files/grpc/include/google/protobuf/map_type_handler.h
  -- Up-to-date: C:/Program Files/grpc/include/google/protobuf/message.h
  -- Up-to-date: C:/Program Files/grpc/include/google/protobuf/message_lite.h
  -- Up-to-date: C:/Program Files/grpc/include/google/protobuf/metadata.h
  -- Up-to-date: C:/Program Files/grpc/include/google/protobuf/metadata_lite.h
  -- Up-to-date: C:/Program Files/grpc/include/google/protobuf/parse_context.h
  -- Up-to-date: C:/Program Files/grpc/include/google/protobuf/port.h
  -- Up-to-date: C:/Program Files/grpc/include/google/protobuf/port_def.inc
  -- Up-to-date: C:/Program Files/grpc/include/google/protobuf/port_undef.inc
  -- Up-to-date: C:/Program Files/grpc/include/google/protobuf/reflection.h
  -- Up-to-date: C:/Program Files/grpc/include/google/protobuf/reflection_ops.h
  -- Up-to-date: C:/Program Files/grpc/include/google/protobuf/repeated_field.h
  -- Up-to-date: C:/Program Files/grpc/include/google/protobuf/service.h
  -- Up-to-date: C:/Program Files/grpc/include/google/protobuf/source_context.pb.h
  -- Up-to-date: C:/Program Files/grpc/include/google/protobuf/struct.pb.h
  -- Up-to-date: C:/Program Files/grpc/include/google/protobuf/stubs/bytestream.h
  -- Up-to-date: C:/Program Files/grpc/include/google/protobuf/stubs/callback.h
  -- Up-to-date: C:/Program Files/grpc/include/google/protobuf/stubs/casts.h
  -- Up-to-date: C:/Program Files/grpc/include/google/protobuf/stubs/common.h
  -- Up-to-date: C:/Program Files/grpc/include/google/protobuf/stubs/hash.h
  -- Up-to-date: C:/Program Files/grpc/include/google/protobuf/stubs/logging.h
  -- Up-to-date: C:/Program Files/grpc/include/google/protobuf/stubs/macros.h
  -- Up-to-date: C:/Program Files/grpc/include/google/protobuf/stubs/map_util.h
  -- Up-to-date: C:/Program Files/grpc/include/google/protobuf/stubs/mutex.h
  -- Up-to-date: C:/Program Files/grpc/include/google/protobuf/stubs/once.h
  -- Up-to-date: C:/Program Files/grpc/include/google/protobuf/stubs/platform_macros.h
  -- Up-to-date: C:/Program Files/grpc/include/google/protobuf/stubs/port.h
  -- Up-to-date: C:/Program Files/grpc/include/google/protobuf/stubs/status.h
  -- Up-to-date: C:/Program Files/grpc/include/google/protobuf/stubs/stl_util.h
  -- Up-to-date: C:/Program Files/grpc/include/google/protobuf/stubs/stringpiece.h
  -- Up-to-date: C:/Program Files/grpc/include/google/protobuf/stubs/strutil.h
  -- Up-to-date: C:/Program Files/grpc/include/google/protobuf/stubs/template_util.h
  -- Up-to-date: C:/Program Files/grpc/include/google/protobuf/text_format.h
  -- Up-to-date: C:/Program Files/grpc/include/google/protobuf/timestamp.pb.h
  -- Up-to-date: C:/Program Files/grpc/include/google/protobuf/type.pb.h
  -- Up-to-date: C:/Program Files/grpc/include/google/protobuf/unknown_field_set.h
  -- Up-to-date: C:/Program Files/grpc/include/google/protobuf/util/delimited_message_util.h
  -- Up-to-date: C:/Program Files/grpc/include/google/protobuf/util/field_comparator.h
  -- Up-to-date: C:/Program Files/grpc/include/google/protobuf/util/field_mask_util.h
  -- Up-to-date: C:/Program Files/grpc/include/google/protobuf/util/json_util.h
  -- Up-to-date: C:/Program Files/grpc/include/google/protobuf/util/message_differencer.h
  -- Up-to-date: C:/Program Files/grpc/include/google/protobuf/util/time_util.h
  -- Up-to-date: C:/Program Files/grpc/include/google/protobuf/util/type_resolver.h
  -- Up-to-date: C:/Program Files/grpc/include/google/protobuf/util/type_resolver_util.h
  -- Up-to-date: C:/Program Files/grpc/include/google/protobuf/wire_format.h
  -- Up-to-date: C:/Program Files/grpc/include/google/protobuf/wire_format_lite.h
  -- Up-to-date: C:/Program Files/grpc/include/google/protobuf/wrappers.pb.h
  -- Up-to-date: C:/Program Files/grpc/include/google/protobuf/any.proto
  -- Up-to-date: C:/Program Files/grpc/include/google/protobuf/api.proto
  -- Up-to-date: C:/Program Files/grpc/include/google/protobuf/compiler/plugin.proto
  -- Up-to-date: C:/Program Files/grpc/include/google/protobuf/descriptor.proto
  -- Up-to-date: C:/Program Files/grpc/include/google/protobuf/duration.proto
  -- Up-to-date: C:/Program Files/grpc/include/google/protobuf/empty.proto
  -- Up-to-date: C:/Program Files/grpc/include/google/protobuf/field_mask.proto
  -- Up-to-date: C:/Program Files/grpc/include/google/protobuf/source_context.proto
  -- Up-to-date: C:/Program Files/grpc/include/google/protobuf/struct.proto
  -- Up-to-date: C:/Program Files/grpc/include/google/protobuf/timestamp.proto
  -- Up-to-date: C:/Program Files/grpc/include/google/protobuf/type.proto
  -- Up-to-date: C:/Program Files/grpc/include/google/protobuf/wrappers.proto
  -- Up-to-date: C:/Program Files/grpc/include/google/protobuf/descriptor.proto
  -- Up-to-date: C:/Program Files/grpc/include/google/protobuf/any.proto
  -- Up-to-date: C:/Program Files/grpc/include/google/protobuf/api.proto
  -- Up-to-date: C:/Program Files/grpc/include/google/protobuf/duration.proto
  -- Up-to-date: C:/Program Files/grpc/include/google/protobuf/empty.proto
  -- Up-to-date: C:/Program Files/grpc/include/google/protobuf/field_mask.proto
  -- Up-to-date: C:/Program Files/grpc/include/google/protobuf/source_context.proto
  -- Up-to-date: C:/Program Files/grpc/include/google/protobuf/struct.proto
  -- Up-to-date: C:/Program Files/grpc/include/google/protobuf/timestamp.proto
  -- Up-to-date: C:/Program Files/grpc/include/google/protobuf/type.proto
  -- Up-to-date: C:/Program Files/grpc/include/google/protobuf/wrappers.proto
  -- Up-to-date: C:/Program Files/grpc/include/google/protobuf/compiler/plugin.proto
  -- Up-to-date: C:/Program Files/grpc/cmake/protobuf-targets.cmake
  -- Up-to-date: C:/Program Files/grpc/cmake/protobuf-targets-release.cmake
  -- Up-to-date: C:/Program Files/grpc/cmake
  -- Up-to-date: C:/Program Files/grpc/cmake/protobuf-config-version.cmake
  -- Up-to-date: C:/Program Files/grpc/cmake/protobuf-config.cmake
  -- Up-to-date: C:/Program Files/grpc/cmake/protobuf-module.cmake
  -- Up-to-date: C:/Program Files/grpc/cmake/protobuf-options.cmake
  -- Up-to-date: C:/Program Files/grpc/include/re2/filtered_re2.h
  -- Up-to-date: C:/Program Files/grpc/include/re2/re2.h
  -- Up-to-date: C:/Program Files/grpc/include/re2/set.h
  -- Up-to-date: C:/Program Files/grpc/include/re2/stringpiece.h
  -- Up-to-date: C:/Program Files/grpc/lib/re2.lib
  -- Up-to-date: C:/Program Files/grpc/lib/cmake/re2/re2Config.cmake
  -- Up-to-date: C:/Program Files/grpc/lib/cmake/re2/re2Config-release.cmake
  -- Installing: C:/Program Files/grpc/lib/zlib.lib
  -- Installing: C:/Program Files/grpc/bin/zlib.dll
  -- Up-to-date: C:/Program Files/grpc/lib/zlibstatic.lib
  -- Up-to-date: C:/Program Files/grpc/include/zconf.h
  -- Up-to-date: C:/Program Files/grpc/include/zlib.h
  -- Up-to-date: C:/Program Files/grpc/share/man/man3/zlib.3
  -- Up-to-date: C:/Program Files/grpc/share/pkgconfig/zlib.pc
