f:\grpc\grpcsource\grpc\.build\grpc++_reflection.dir\release\proto_server_reflection_plugin.obj
f:\grpc\grpcsource\grpc\.build\grpc++_reflection.dir\release\proto_server_reflection.obj
f:\grpc\grpcsource\grpc\.build\grpc++_reflection.dir\release\reflection.grpc.pb.obj
f:\grpc\grpcsource\grpc\.build\grpc++_reflection.dir\release\reflection.pb.obj
f:\grpc\grpcsource\grpc\.build\gens\src\proto\grpc\reflection\v1alpha\reflection.grpc.pb.cc
f:\grpc\grpcsource\grpc\.build\gens\src\proto\grpc\reflection\v1alpha\reflection.grpc.pb.h
f:\grpc\grpcsource\grpc\.build\gens\src\proto\grpc\reflection\v1alpha\reflection_mock.grpc.pb.h
f:\grpc\grpcsource\grpc\.build\gens\src\proto\grpc\reflection\v1alpha\reflection.pb.cc
f:\grpc\grpcsource\grpc\.build\gens\src\proto\grpc\reflection\v1alpha\reflection.pb.h
f:\grpc\grpcsource\grpc\.build\cmakefiles\generate.stamp
f:\grpc\grpcsource\grpc\.build\release\grpc++_reflection.lib
f:\grpc\grpcsource\grpc\.build\grpc++_reflection.dir\release\grpc++_r.dbfd8192.tlog\cl.command.1.tlog
f:\grpc\grpcsource\grpc\.build\grpc++_reflection.dir\release\grpc++_r.dbfd8192.tlog\cl.read.1.tlog
f:\grpc\grpcsource\grpc\.build\grpc++_reflection.dir\release\grpc++_r.dbfd8192.tlog\cl.write.1.tlog
f:\grpc\grpcsource\grpc\.build\grpc++_reflection.dir\release\grpc++_r.dbfd8192.tlog\custombuild.command.1.tlog
f:\grpc\grpcsource\grpc\.build\grpc++_reflection.dir\release\grpc++_r.dbfd8192.tlog\custombuild.read.1.tlog
f:\grpc\grpcsource\grpc\.build\grpc++_reflection.dir\release\grpc++_r.dbfd8192.tlog\custombuild.write.1.tlog
f:\grpc\grpcsource\grpc\.build\grpc++_reflection.dir\release\grpc++_r.dbfd8192.tlog\lib-link.read.1.tlog
f:\grpc\grpcsource\grpc\.build\grpc++_reflection.dir\release\grpc++_r.dbfd8192.tlog\lib-link.write.1.tlog
f:\grpc\grpcsource\grpc\.build\grpc++_reflection.dir\release\grpc++_r.dbfd8192.tlog\lib.command.1.tlog
