f:\grpc\grpcsource\grpc\.build\grpc.dir\release\grpclb_balancer_addresses.obj
f:\grpc\grpcsource\grpc\.build\grpc.dir\release\grpclb.obj
f:\grpc\grpcsource\grpc\.build\grpc.dir\release\client_load_reporting_filter.obj
f:\grpc\grpcsource\grpc\.build\grpc.dir\release\child_policy_handler.obj
f:\grpc\grpcsource\grpc\.build\grpc.dir\release\address_filtering.obj
f:\grpc\grpcsource\grpc\.build\grpc.dir\release\lb_policy.obj
f:\grpc\grpcsource\grpc\.build\grpc.dir\release\http_proxy.obj
f:\grpc\grpcsource\grpc\.build\grpc.dir\release\http_connect_handshaker.obj
f:\grpc\grpcsource\grpc\.build\grpc.dir\release\health_check_client.obj
f:\grpc\grpcsource\grpc\.build\grpc.dir\release\global_subchannel_pool.obj
f:\grpc\grpcsource\grpc\.build\grpc.dir\release\dynamic_filters.obj
f:\grpc\grpcsource\grpc\.build\grpc.dir\release\config_selector.obj
f:\grpc\grpcsource\grpc\.build\grpc.dir\release\client_channel_plugin.obj
f:\grpc\grpcsource\grpc\.build\grpc.dir\release\client_channel_factory.obj
f:\grpc\grpcsource\grpc\.build\grpc.dir\release\client_channel_channelz.obj
f:\grpc\grpcsource\grpc\.build\grpc.dir\release\client_channel.obj
f:\grpc\grpcsource\grpc\.build\grpc.dir\release\channel_connectivity.obj
f:\grpc\grpcsource\grpc\.build\grpc.dir\release\backup_poller.obj
f:\grpc\grpcsource\grpc\.build\grpc.dir\release\backend_metric.obj
f:\grpc\grpcsource\grpc\.build\grpc.dir\release\grpc_context.obj
f:\grpc\grpcsource\grpc\.build\grpc.dir\release\grpc_ares_wrapper.obj
f:\grpc\grpcsource\grpc\.build\grpc.dir\release\grpc_ares_ev_driver_windows.obj
f:\grpc\grpcsource\grpc\.build\grpc.dir\release\grpc_ares_ev_driver_posix.obj
f:\grpc\grpcsource\grpc\.build\grpc.dir\release\grpc_ares_ev_driver_libuv.obj
f:\grpc\grpcsource\grpc\.build\grpc.dir\release\dns_resolver_ares.obj
f:\grpc\grpcsource\grpc\.build\grpc.dir\release\resolver.obj
f:\grpc\grpcsource\grpc\.build\grpc.dir\release\proxy_mapper_registry.obj
f:\grpc\grpcsource\grpc\.build\grpc.dir\release\local_subchannel_pool.obj
f:\grpc\grpcsource\grpc\.build\grpc.dir\release\lb_policy_registry.obj
f:\grpc\grpcsource\grpc\.build\grpc.dir\release\xds_cluster_resolver.obj
f:\grpc\grpcsource\grpc\.build\grpc.dir\release\xds_cluster_manager.obj
f:\grpc\grpcsource\grpc\.build\grpc.dir\release\xds_cluster_impl.obj
f:\grpc\grpcsource\grpc\.build\grpc.dir\release\cds.obj
f:\grpc\grpcsource\grpc\.build\grpc.dir\release\weighted_target.obj
f:\grpc\grpcsource\grpc\.build\grpc.dir\release\round_robin.obj
f:\grpc\grpcsource\grpc\.build\grpc.dir\release\priority.obj
f:\grpc\grpcsource\grpc\.build\grpc.dir\release\pick_first.obj
f:\grpc\grpcsource\grpc\.build\grpc.dir\release\load_balancer_api.obj
f:\grpc\grpcsource\grpc\.build\grpc.dir\release\grpclb_client_stats.obj
f:\grpc\grpcsource\grpc\.build\grpc.dir\release\grpclb_channel_secure.obj
f:\grpc\grpcsource\grpc\.build\grpc.dir\release\deadline_filter.obj
f:\grpc\grpcsource\grpc\.build\grpc.dir\release\client_idle_filter.obj
f:\grpc\grpcsource\grpc\.build\grpc.dir\release\subchannel_pool_interface.obj
f:\grpc\grpcsource\grpc\.build\grpc.dir\release\subchannel.obj
f:\grpc\grpcsource\grpc\.build\grpc.dir\release\service_config_parser.obj
f:\grpc\grpcsource\grpc\.build\grpc.dir\release\service_config_channel_arg_filter.obj
f:\grpc\grpcsource\grpc\.build\grpc.dir\release\service_config.obj
f:\grpc\grpcsource\grpc\.build\grpc.dir\release\server_address.obj
f:\grpc\grpcsource\grpc\.build\grpc.dir\release\retry_throttle.obj
f:\grpc\grpcsource\grpc\.build\grpc.dir\release\resolver_result_parsing.obj
f:\grpc\grpcsource\grpc\.build\grpc.dir\release\resolver_registry.obj
f:\grpc\grpcsource\grpc\.build\grpc.dir\release\xds_resolver.obj
f:\grpc\grpcsource\grpc\.build\grpc.dir\release\sockaddr_resolver.obj
f:\grpc\grpcsource\grpc\.build\grpc.dir\release\google_c2p_resolver.obj
f:\grpc\grpcsource\grpc\.build\grpc.dir\release\fake_resolver.obj
f:\grpc\grpcsource\grpc\.build\grpc.dir\release\dns_resolver.obj
f:\grpc\grpcsource\grpc\.build\grpc.dir\release\dns_resolver_selection.obj
f:\grpc\grpcsource\grpc\.build\grpc.dir\release\grpc_ares_wrapper_windows.obj
f:\grpc\grpcsource\grpc\.build\grpc.dir\release\grpc_ares_wrapper_posix.obj
f:\grpc\grpcsource\grpc\.build\grpc.dir\release\grpc_ares_wrapper_libuv.obj
f:\grpc\grpcsource\grpc\.build\grpc.dir\release\server_secure_chttp2.obj
f:\grpc\grpcsource\grpc\.build\grpc.dir\release\server_chttp2_posix.obj
f:\grpc\grpcsource\grpc\.build\grpc.dir\release\server_chttp2.obj
f:\grpc\grpcsource\grpc\.build\grpc.dir\release\chttp2_server.obj
f:\grpc\grpcsource\grpc\.build\grpc.dir\release\secure_channel_create.obj
f:\grpc\grpcsource\grpc\.build\grpc.dir\release\channel_create_posix.obj
f:\grpc\grpcsource\grpc\.build\grpc.dir\release\channel_create.obj
f:\grpc\grpcsource\grpc\.build\grpc.dir\release\chttp2_connector.obj
f:\grpc\grpcsource\grpc\.build\grpc.dir\release\authority.obj
f:\grpc\grpcsource\grpc\.build\grpc.dir\release\alpn.obj
f:\grpc\grpcsource\grpc\.build\grpc.dir\release\workaround_utils.obj
f:\grpc\grpcsource\grpc\.build\grpc.dir\release\workaround_cronet_compression_filter.obj
f:\grpc\grpcsource\grpc\.build\grpc.dir\release\message_size_filter.obj
f:\grpc\grpcsource\grpc\.build\grpc.dir\release\max_age_filter.obj
f:\grpc\grpcsource\grpc\.build\grpc.dir\release\http_server_filter.obj
f:\grpc\grpcsource\grpc\.build\grpc.dir\release\message_decompress_filter.obj
f:\grpc\grpcsource\grpc\.build\grpc.dir\release\message_compress_filter.obj
f:\grpc\grpcsource\grpc\.build\grpc.dir\release\http_filters_plugin.obj
f:\grpc\grpcsource\grpc\.build\grpc.dir\release\client_authority_filter.obj
f:\grpc\grpcsource\grpc\.build\grpc.dir\release\http_client_filter.obj
f:\grpc\grpcsource\grpc\.build\grpc.dir\release\stream_lists.obj
f:\grpc\grpcsource\grpc\.build\grpc.dir\release\parsing.obj
f:\grpc\grpcsource\grpc\.build\grpc.dir\release\incoming_metadata.obj
f:\grpc\grpcsource\grpc\.build\grpc.dir\release\huffsyms.obj
f:\grpc\grpcsource\grpc\.build\grpc.dir\release\http2_settings.obj
f:\grpc\grpcsource\grpc\.build\grpc.dir\release\hpack_table.obj
f:\grpc\grpcsource\grpc\.build\grpc.dir\release\hpack_parser.obj
f:\grpc\grpcsource\grpc\.build\grpc.dir\release\hpack_encoder.obj
f:\grpc\grpcsource\grpc\.build\grpc.dir\release\frame_window_update.obj
f:\grpc\grpcsource\grpc\.build\grpc.dir\release\frame_settings.obj
f:\grpc\grpcsource\grpc\.build\grpc.dir\release\frame_rst_stream.obj
f:\grpc\grpcsource\grpc\.build\grpc.dir\release\frame_ping.obj
f:\grpc\grpcsource\grpc\.build\grpc.dir\release\frame_goaway.obj
f:\grpc\grpcsource\grpc\.build\grpc.dir\release\frame_data.obj
f:\grpc\grpcsource\grpc\.build\grpc.dir\release\flow_control.obj
f:\grpc\grpcsource\grpc\.build\grpc.dir\release\context_list.obj
f:\grpc\grpcsource\grpc\.build\grpc.dir\release\chttp2_transport.obj
f:\grpc\grpcsource\grpc\.build\grpc.dir\release\chttp2_plugin.obj
f:\grpc\grpcsource\grpc\.build\grpc.dir\release\bin_encoder.obj
f:\grpc\grpcsource\grpc\.build\grpc.dir\release\bin_decoder.obj
f:\grpc\grpcsource\grpc\.build\grpc.dir\release\channel_stack_builder.obj
f:\grpc\grpcsource\grpc\.build\grpc.dir\release\channel_stack.obj
f:\grpc\grpcsource\grpc\.build\grpc.dir\release\channel_args.obj
f:\grpc\grpcsource\grpc\.build\grpc.dir\release\backoff.obj
f:\grpc\grpcsource\grpc\.build\grpc.dir\release\avl.obj
f:\grpc\grpcsource\grpc\.build\grpc.dir\release\xds_server_config_fetcher.obj
f:\grpc\grpcsource\grpc\.build\grpc.dir\release\xds_http_filters.obj
f:\grpc\grpcsource\grpc\.build\grpc.dir\release\xds_client_stats.obj
f:\grpc\grpcsource\grpc\.build\grpc.dir\release\xds_client.obj
f:\grpc\grpcsource\grpc\.build\grpc.dir\release\xds_certificate_provider.obj
f:\grpc\grpcsource\grpc\.build\grpc.dir\release\xds_bootstrap.obj
f:\grpc\grpcsource\grpc\.build\grpc.dir\release\xds_api.obj
f:\grpc\grpcsource\grpc\.build\grpc.dir\release\file_watcher_certificate_provider_factory.obj
f:\grpc\grpcsource\grpc\.build\grpc.dir\release\certificate_provider_store.obj
f:\grpc\grpcsource\grpc\.build\grpc.dir\release\certificate_provider_registry.obj
f:\grpc\grpcsource\grpc\.build\grpc.dir\release\inproc_transport.obj
f:\grpc\grpcsource\grpc\.build\grpc.dir\release\inproc_plugin.obj
f:\grpc\grpcsource\grpc\.build\grpc.dir\release\writing.obj
f:\grpc\grpcsource\grpc\.build\grpc.dir\release\varint.obj
f:\grpc\grpcsource\grpc\.build\grpc.dir\release\stream_map.obj
f:\grpc\grpcsource\grpc\.build\grpc.dir\release\httpcli_security_connector.obj
f:\grpc\grpcsource\grpc\.build\grpc.dir\release\httpcli.obj
f:\grpc\grpcsource\grpc\.build\grpc.dir\release\format_request.obj
f:\grpc\grpcsource\grpc\.build\grpc.dir\release\trace.obj
f:\grpc\grpcsource\grpc\.build\grpc.dir\release\stats_data.obj
f:\grpc\grpcsource\grpc\.build\grpc.dir\release\stats.obj
f:\grpc\grpcsource\grpc\.build\grpc.dir\release\stream_compression_identity.obj
f:\grpc\grpcsource\grpc\.build\grpc.dir\release\stream_compression_gzip.obj
f:\grpc\grpcsource\grpc\.build\grpc.dir\release\stream_compression.obj
f:\grpc\grpcsource\grpc\.build\grpc.dir\release\message_compress.obj
f:\grpc\grpcsource\grpc\.build\grpc.dir\release\compression_internal.obj
f:\grpc\grpcsource\grpc\.build\grpc.dir\release\compression_args.obj
f:\grpc\grpcsource\grpc\.build\grpc.dir\release\compression.obj
f:\grpc\grpcsource\grpc\.build\grpc.dir\release\status_util.obj
f:\grpc\grpcsource\grpc\.build\grpc.dir\release\handshaker_registry.obj
f:\grpc\grpcsource\grpc\.build\grpc.dir\release\handshaker.obj
f:\grpc\grpcsource\grpc\.build\grpc.dir\release\connected_channel.obj
f:\grpc\grpcsource\grpc\.build\grpc.dir\release\channelz_registry.obj
f:\grpc\grpcsource\grpc\.build\grpc.dir\release\channelz.obj
f:\grpc\grpcsource\grpc\.build\grpc.dir\release\channel_trace.obj
f:\grpc\grpcsource\grpc\.build\grpc.dir\release\exec_ctx.obj
f:\grpc\grpcsource\grpc\.build\grpc.dir\release\ev_windows.obj
f:\grpc\grpcsource\grpc\.build\grpc.dir\release\ev_posix.obj
f:\grpc\grpcsource\grpc\.build\grpc.dir\release\ev_poll_posix.obj
f:\grpc\grpcsource\grpc\.build\grpc.dir\release\ev_epollex_linux.obj
f:\grpc\grpcsource\grpc\.build\grpc.dir\release\ev_epoll1_linux.obj
f:\grpc\grpcsource\grpc\.build\grpc.dir\release\ev_apple.obj
f:\grpc\grpcsource\grpc\.build\grpc.dir\release\error_cfstream.obj
f:\grpc\grpcsource\grpc\.build\grpc.dir\release\error.obj
f:\grpc\grpcsource\grpc\.build\grpc.dir\release\endpoint_pair_windows.obj
f:\grpc\grpcsource\grpc\.build\grpc.dir\release\endpoint_pair_uv.obj
f:\grpc\grpcsource\grpc\.build\grpc.dir\release\endpoint_pair_posix.obj
f:\grpc\grpcsource\grpc\.build\grpc.dir\release\endpoint_cfstream.obj
f:\grpc\grpcsource\grpc\.build\grpc.dir\release\endpoint.obj
f:\grpc\grpcsource\grpc\.build\grpc.dir\release\dualstack_socket_posix.obj
f:\grpc\grpcsource\grpc\.build\grpc.dir\release\combiner.obj
f:\grpc\grpcsource\grpc\.build\grpc.dir\release\cfstream_handle.obj
f:\grpc\grpcsource\grpc\.build\grpc.dir\release\call_combiner.obj
f:\grpc\grpcsource\grpc\.build\grpc.dir\release\buffer_list.obj
f:\grpc\grpcsource\grpc\.build\grpc.dir\release\parser.obj
f:\grpc\grpcsource\grpc\.build\grpc.dir\release\is_epollexclusive_available.obj
f:\grpc\grpcsource\grpc\.build\grpc.dir\release\iomgr_windows.obj
f:\grpc\grpcsource\grpc\.build\grpc.dir\release\iomgr_uv.obj
f:\grpc\grpcsource\grpc\.build\grpc.dir\release\iomgr_posix_cfstream.obj
f:\grpc\grpcsource\grpc\.build\grpc.dir\release\iomgr_posix.obj
f:\grpc\grpcsource\grpc\.build\grpc.dir\release\iomgr_internal.obj
f:\grpc\grpcsource\grpc\.build\grpc.dir\release\iomgr_custom.obj
f:\grpc\grpcsource\grpc\.build\grpc.dir\release\iomgr.obj
f:\grpc\grpcsource\grpc\.build\grpc.dir\release\iocp_windows.obj
f:\grpc\grpcsource\grpc\.build\grpc.dir\release\internal_errqueue.obj
f:\grpc\grpcsource\grpc\.build\grpc.dir\release\grpc_if_nametoindex_unsupported.obj
f:\grpc\grpcsource\grpc\.build\grpc.dir\release\grpc_if_nametoindex_posix.obj
f:\grpc\grpcsource\grpc\.build\grpc.dir\release\gethostname_sysconf.obj
f:\grpc\grpcsource\grpc\.build\grpc.dir\release\gethostname_host_name_max.obj
f:\grpc\grpcsource\grpc\.build\grpc.dir\release\gethostname_fallback.obj
f:\grpc\grpcsource\grpc\.build\grpc.dir\release\fork_windows.obj
f:\grpc\grpcsource\grpc\.build\grpc.dir\release\fork_posix.obj
f:\grpc\grpcsource\grpc\.build\grpc.dir\release\threadpool.obj
f:\grpc\grpcsource\grpc\.build\grpc.dir\release\mpmcqueue.obj
f:\grpc\grpcsource\grpc\.build\grpc.dir\release\executor.obj
f:\grpc\grpcsource\grpc\.build\grpc.dir\release\socket_mutator.obj
f:\grpc\grpcsource\grpc\.build\grpc.dir\release\socket_factory_posix.obj
f:\grpc\grpcsource\grpc\.build\grpc.dir\release\sockaddr_utils.obj
f:\grpc\grpcsource\grpc\.build\grpc.dir\release\resource_quota.obj
f:\grpc\grpcsource\grpc\.build\grpc.dir\release\resolve_address_windows.obj
f:\grpc\grpcsource\grpc\.build\grpc.dir\release\resolve_address_posix.obj
f:\grpc\grpcsource\grpc\.build\grpc.dir\release\resolve_address_custom.obj
f:\grpc\grpcsource\grpc\.build\grpc.dir\release\resolve_address.obj
f:\grpc\grpcsource\grpc\.build\grpc.dir\release\pollset_windows.obj
f:\grpc\grpcsource\grpc\.build\grpc.dir\release\pollset_uv.obj
f:\grpc\grpcsource\grpc\.build\grpc.dir\release\pollset_set_windows.obj
f:\grpc\grpcsource\grpc\.build\grpc.dir\release\pollset_set_custom.obj
f:\grpc\grpcsource\grpc\.build\grpc.dir\release\pollset_set.obj
f:\grpc\grpcsource\grpc\.build\grpc.dir\release\pollset_custom.obj
f:\grpc\grpcsource\grpc\.build\grpc.dir\release\pollset.obj
f:\grpc\grpcsource\grpc\.build\grpc.dir\release\polling_entity.obj
f:\grpc\grpcsource\grpc\.build\grpc.dir\release\eventmanager_libuv.obj
f:\grpc\grpcsource\grpc\.build\grpc.dir\release\parse_address.obj
f:\grpc\grpcsource\grpc\.build\grpc.dir\release\lockfree_event.obj
f:\grpc\grpcsource\grpc\.build\grpc.dir\release\load_file.obj
f:\grpc\grpcsource\grpc\.build\grpc.dir\release\tcp_server_windows.obj
f:\grpc\grpcsource\grpc\.build\grpc.dir\release\tcp_server_utils_posix_noifaddrs.obj
f:\grpc\grpcsource\grpc\.build\grpc.dir\release\tcp_server_utils_posix_ifaddrs.obj
f:\grpc\grpcsource\grpc\.build\grpc.dir\release\tcp_server_utils_posix_common.obj
f:\grpc\grpcsource\grpc\.build\grpc.dir\release\tcp_server_posix.obj
f:\grpc\grpcsource\grpc\.build\grpc.dir\release\tcp_server_custom.obj
f:\grpc\grpcsource\grpc\.build\grpc.dir\release\tcp_server.obj
f:\grpc\grpcsource\grpc\.build\grpc.dir\release\tcp_posix.obj
f:\grpc\grpcsource\grpc\.build\grpc.dir\release\tcp_custom.obj
f:\grpc\grpcsource\grpc\.build\grpc.dir\release\tcp_client_windows.obj
f:\grpc\grpcsource\grpc\.build\grpc.dir\release\tcp_client_posix.obj
f:\grpc\grpcsource\grpc\.build\grpc.dir\release\tcp_client_custom.obj
f:\grpc\grpcsource\grpc\.build\grpc.dir\release\tcp_client_cfstream.obj
f:\grpc\grpcsource\grpc\.build\grpc.dir\release\tcp_client.obj
f:\grpc\grpcsource\grpc\.build\grpc.dir\release\socket_windows.obj
f:\grpc\grpcsource\grpc\.build\grpc.dir\release\socket_utils_windows.obj
f:\grpc\grpcsource\grpc\.build\grpc.dir\release\socket_utils_uv.obj
f:\grpc\grpcsource\grpc\.build\grpc.dir\release\socket_utils_posix.obj
f:\grpc\grpcsource\grpc\.build\grpc.dir\release\socket_utils_linux.obj
f:\grpc\grpcsource\grpc\.build\grpc.dir\release\socket_utils_common_posix.obj
f:\grpc\grpcsource\grpc\.build\grpc.dir\release\authorization_engine.obj
f:\grpc\grpcsource\grpc\.build\grpc.dir\release\json_writer.obj
f:\grpc\grpcsource\grpc\.build\grpc.dir\release\json_reader.obj
f:\grpc\grpcsource\grpc\.build\grpc.dir\release\work_serializer.obj
f:\grpc\grpcsource\grpc\.build\grpc.dir\release\wakeup_fd_posix.obj
f:\grpc\grpcsource\grpc\.build\grpc.dir\release\wakeup_fd_pipe.obj
f:\grpc\grpcsource\grpc\.build\grpc.dir\release\wakeup_fd_nospecial.obj
f:\grpc\grpcsource\grpc\.build\grpc.dir\release\wakeup_fd_eventfd.obj
f:\grpc\grpcsource\grpc\.build\grpc.dir\release\unix_sockets_posix_noop.obj
f:\grpc\grpcsource\grpc\.build\grpc.dir\release\unix_sockets_posix.obj
f:\grpc\grpcsource\grpc\.build\grpc.dir\release\udp_server.obj
f:\grpc\grpcsource\grpc\.build\grpc.dir\release\timer_uv.obj
f:\grpc\grpcsource\grpc\.build\grpc.dir\release\timer_manager.obj
f:\grpc\grpcsource\grpc\.build\grpc.dir\release\timer_heap.obj
f:\grpc\grpcsource\grpc\.build\grpc.dir\release\timer_generic.obj
f:\grpc\grpcsource\grpc\.build\grpc.dir\release\timer_custom.obj
f:\grpc\grpcsource\grpc\.build\grpc.dir\release\timer.obj
f:\grpc\grpcsource\grpc\.build\grpc.dir\release\time_averaged_stats.obj
f:\grpc\grpcsource\grpc\.build\grpc.dir\release\tcp_windows.obj
f:\grpc\grpcsource\grpc\.build\grpc.dir\release\tcp_uv.obj
f:\grpc\grpcsource\grpc\.build\grpc.dir\release\fake_credentials.obj
f:\grpc\grpcsource\grpc\.build\grpc.dir\release\url_external_account_credentials.obj
f:\grpc\grpcsource\grpc\.build\grpc.dir\release\file_external_account_credentials.obj
f:\grpc\grpcsource\grpc\.build\grpc.dir\release\external_account_credentials.obj
f:\grpc\grpcsource\grpc\.build\grpc.dir\release\aws_request_signer.obj
f:\grpc\grpcsource\grpc\.build\grpc.dir\release\aws_external_account_credentials.obj
f:\grpc\grpcsource\grpc\.build\grpc.dir\release\credentials_metadata.obj
f:\grpc\grpcsource\grpc\.build\grpc.dir\release\credentials.obj
f:\grpc\grpcsource\grpc\.build\grpc.dir\release\composite_credentials.obj
f:\grpc\grpcsource\grpc\.build\grpc.dir\release\grpc_alts_credentials_server_options.obj
f:\grpc\grpcsource\grpc\.build\grpc.dir\release\grpc_alts_credentials_options.obj
f:\grpc\grpcsource\grpc\.build\grpc.dir\release\grpc_alts_credentials_client_options.obj
f:\grpc\grpcsource\grpc\.build\grpc.dir\release\check_gcp_environment_windows.obj
f:\grpc\grpcsource\grpc\.build\grpc.dir\release\check_gcp_environment_no_op.obj
f:\grpc\grpcsource\grpc\.build\grpc.dir\release\check_gcp_environment_linux.obj
f:\grpc\grpcsource\grpc\.build\grpc.dir\release\check_gcp_environment.obj
f:\grpc\grpcsource\grpc\.build\grpc.dir\release\alts_credentials.obj
f:\grpc\grpcsource\grpc\.build\grpc.dir\release\security_context.obj
f:\grpc\grpcsource\grpc\.build\grpc.dir\release\matchers.obj
f:\grpc\grpcsource\grpc\.build\grpc.dir\release\evaluate_args.obj
f:\grpc\grpcsource\grpc\.build\grpc.dir\release\insecure_security_connector.obj
f:\grpc\grpcsource\grpc\.build\grpc.dir\release\fake_security_connector.obj
f:\grpc\grpcsource\grpc\.build\grpc.dir\release\alts_security_connector.obj
f:\grpc\grpcsource\grpc\.build\grpc.dir\release\xds_credentials.obj
f:\grpc\grpcsource\grpc\.build\grpc.dir\release\tls_utils.obj
f:\grpc\grpcsource\grpc\.build\grpc.dir\release\tls_credentials.obj
f:\grpc\grpcsource\grpc\.build\grpc.dir\release\grpc_tls_credentials_options.obj
f:\grpc\grpcsource\grpc\.build\grpc.dir\release\grpc_tls_certificate_provider.obj
f:\grpc\grpcsource\grpc\.build\grpc.dir\release\grpc_tls_certificate_distributor.obj
f:\grpc\grpcsource\grpc\.build\grpc.dir\release\ssl_credentials.obj
f:\grpc\grpcsource\grpc\.build\grpc.dir\release\plugin_credentials.obj
f:\grpc\grpcsource\grpc\.build\grpc.dir\release\oauth2_credentials.obj
f:\grpc\grpcsource\grpc\.build\grpc.dir\release\local_credentials.obj
f:\grpc\grpcsource\grpc\.build\grpc.dir\release\jwt_verifier.obj
f:\grpc\grpcsource\grpc\.build\grpc.dir\release\jwt_credentials.obj
f:\grpc\grpcsource\grpc\.build\grpc.dir\release\json_token.obj
f:\grpc\grpcsource\grpc\.build\grpc.dir\release\insecure_credentials.obj
f:\grpc\grpcsource\grpc\.build\grpc.dir\release\iam_credentials.obj
f:\grpc\grpcsource\grpc\.build\grpc.dir\release\google_default_credentials.obj
f:\grpc\grpcsource\grpc\.build\grpc.dir\release\credentials_generic.obj
f:\grpc\grpcsource\grpc\.build\grpc.dir\release\api_trace.obj
f:\grpc\grpcsource\grpc\.build\grpc.dir\release\slice_string_helpers.obj
f:\grpc\grpcsource\grpc\.build\grpc.dir\release\slice_intern.obj
f:\grpc\grpcsource\grpc\.build\grpc.dir\release\slice_buffer.obj
f:\grpc\grpcsource\grpc\.build\grpc.dir\release\slice.obj
f:\grpc\grpcsource\grpc\.build\grpc.dir\release\percent_encoding.obj
f:\grpc\grpcsource\grpc\.build\grpc.dir\release\b64.obj
f:\grpc\grpcsource\grpc\.build\grpc.dir\release\tsi_error.obj
f:\grpc\grpcsource\grpc\.build\grpc.dir\release\server_auth_filter.obj
f:\grpc\grpcsource\grpc\.build\grpc.dir\release\security_handshaker.obj
f:\grpc\grpcsource\grpc\.build\grpc.dir\release\secure_endpoint.obj
f:\grpc\grpcsource\grpc\.build\grpc.dir\release\client_auth_filter.obj
f:\grpc\grpcsource\grpc\.build\grpc.dir\release\tls_security_connector.obj
f:\grpc\grpcsource\grpc\.build\grpc.dir\release\ssl_utils_config.obj
f:\grpc\grpcsource\grpc\.build\grpc.dir\release\ssl_utils.obj
f:\grpc\grpcsource\grpc\.build\grpc.dir\release\ssl_security_connector.obj
f:\grpc\grpcsource\grpc\.build\grpc.dir\release\security_connector.obj
f:\grpc\grpcsource\grpc\.build\grpc.dir\release\local_security_connector.obj
f:\grpc\grpcsource\grpc\.build\grpc.dir\release\load_system_roots_linux.obj
f:\grpc\grpcsource\grpc\.build\grpc.dir\release\load_system_roots_fallback.obj
f:\grpc\grpcsource\grpc\.build\grpc.dir\release\authority_override.obj
f:\grpc\grpcsource\grpc\.build\grpc.dir\release\version.obj
f:\grpc\grpcsource\grpc\.build\grpc.dir\release\validate_metadata.obj
f:\grpc\grpcsource\grpc\.build\grpc.dir\release\server.obj
f:\grpc\grpcsource\grpc\.build\grpc.dir\release\metadata_array.obj
f:\grpc\grpcsource\grpc\.build\grpc.dir\release\lame_client.obj
f:\grpc\grpcsource\grpc\.build\grpc.dir\release\init_secure.obj
f:\grpc\grpcsource\grpc\.build\grpc.dir\release\init.obj
f:\grpc\grpcsource\grpc\.build\grpc.dir\release\event_string.obj
f:\grpc\grpcsource\grpc\.build\grpc.dir\release\completion_queue_factory.obj
f:\grpc\grpcsource\grpc\.build\grpc.dir\release\completion_queue.obj
f:\grpc\grpcsource\grpc\.build\grpc.dir\release\channel_stack_type.obj
f:\grpc\grpcsource\grpc\.build\grpc.dir\release\channel_ping.obj
f:\grpc\grpcsource\grpc\.build\grpc.dir\release\channel_init.obj
f:\grpc\grpcsource\grpc\.build\grpc.dir\release\channel.obj
f:\grpc\grpcsource\grpc\.build\grpc.dir\release\call_log_batch.obj
f:\grpc\grpcsource\grpc\.build\grpc.dir\release\call_details.obj
f:\grpc\grpcsource\grpc\.build\grpc.dir\release\call.obj
f:\grpc\grpcsource\grpc\.build\grpc.dir\release\byte_buffer_reader.obj
f:\grpc\grpcsource\grpc\.build\grpc.dir\release\byte_buffer.obj
f:\grpc\grpcsource\grpc\.build\grpc.dir\release\alts_frame_protector.obj
f:\grpc\grpcsource\grpc\.build\grpc.dir\release\alts_crypter.obj
f:\grpc\grpcsource\grpc\.build\grpc.dir\release\alts_counter.obj
f:\grpc\grpcsource\grpc\.build\grpc.dir\release\gsec.obj
f:\grpc\grpcsource\grpc\.build\grpc.dir\release\aes_gcm.obj
f:\grpc\grpcsource\grpc\.build\grpc.dir\release\grpc_plugin_registry.obj
f:\grpc\grpcsource\grpc\.build\grpc.dir\release\uri_parser.obj
f:\grpc\grpcsource\grpc\.build\grpc.dir\release\transport_op_string.obj
f:\grpc\grpcsource\grpc\.build\grpc.dir\release\transport.obj
f:\grpc\grpcsource\grpc\.build\grpc.dir\release\timeout_encoding.obj
f:\grpc\grpcsource\grpc\.build\grpc.dir\release\status_metadata.obj
f:\grpc\grpcsource\grpc\.build\grpc.dir\release\status_conversion.obj
f:\grpc\grpcsource\grpc\.build\grpc.dir\release\static_metadata.obj
f:\grpc\grpcsource\grpc\.build\grpc.dir\release\pid_controller.obj
f:\grpc\grpcsource\grpc\.build\grpc.dir\release\metadata_batch.obj
f:\grpc\grpcsource\grpc\.build\grpc.dir\release\metadata.obj
f:\grpc\grpcsource\grpc\.build\grpc.dir\release\error_utils.obj
f:\grpc\grpcsource\grpc\.build\grpc.dir\release\connectivity_state.obj
f:\grpc\grpcsource\grpc\.build\grpc.dir\release\byte_stream.obj
f:\grpc\grpcsource\grpc\.build\grpc.dir\release\bdp_estimator.obj
f:\grpc\grpcsource\grpc\.build\grpc.dir\release\ssl_transport_security.obj
f:\grpc\grpcsource\grpc\.build\grpc.dir\release\ssl_session_openssl.obj
f:\grpc\grpcsource\grpc\.build\grpc.dir\release\ssl_session_cache.obj
f:\grpc\grpcsource\grpc\.build\grpc.dir\release\ssl_session_boringssl.obj
f:\grpc\grpcsource\grpc\.build\grpc.dir\release\local_transport_security.obj
f:\grpc\grpcsource\grpc\.build\grpc.dir\release\fake_transport_security.obj
f:\grpc\grpcsource\grpc\.build\grpc.dir\release\alts_zero_copy_grpc_protector.obj
f:\grpc\grpcsource\grpc\.build\grpc.dir\release\alts_iovec_record_protocol.obj
f:\grpc\grpcsource\grpc\.build\grpc.dir\release\alts_grpc_record_protocol_common.obj
f:\grpc\grpcsource\grpc\.build\grpc.dir\release\alts_grpc_privacy_integrity_record_protocol.obj
f:\grpc\grpcsource\grpc\.build\grpc.dir\release\alts_grpc_integrity_only_record_protocol.obj
f:\grpc\grpcsource\grpc\.build\grpc.dir\release\transport_security_common_api.obj
f:\grpc\grpcsource\grpc\.build\grpc.dir\release\alts_tsi_utils.obj
f:\grpc\grpcsource\grpc\.build\grpc.dir\release\alts_tsi_handshaker.obj
f:\grpc\grpcsource\grpc\.build\grpc.dir\release\alts_shared_resource.obj
f:\grpc\grpcsource\grpc\.build\grpc.dir\release\alts_handshaker_client.obj
f:\grpc\grpcsource\grpc\.build\grpc.dir\release\frame_handler.obj
f:\grpc\grpcsource\grpc\.build\grpc.dir\release\alts_unseal_privacy_integrity_crypter.obj
f:\grpc\grpcsource\grpc\.build\grpc.dir\release\alts_seal_privacy_integrity_crypter.obj
f:\grpc\grpcsource\grpc\.build\grpc.dir\release\alts_record_protocol_crypter_common.obj
f:\grpc\grpcsource\grpc\.build\grpc.dir\release\transport_security_grpc.obj
f:\grpc\grpcsource\grpc\.build\grpc.dir\release\transport_security.obj
f:\grpc\grpcsource\grpc\.build\grpc.dir\release\endpoint_components.upb.obj
f:\grpc\grpcsource\grpc\.build\grpc.dir\release\endpoint.upb.obj
f:\grpc\grpcsource\grpc\.build\grpc.dir\release\substitution_format_string.upb.obj
f:\grpc\grpcsource\grpc\.build\grpc.dir\release\socket_option.upb.obj
f:\grpc\grpcsource\grpc\.build\grpc.dir\release\proxy_protocol.upb.obj
f:\grpc\grpcsource\grpc\.build\grpc.dir\release\protocol.upb.obj
f:\grpc\grpcsource\grpc\.build\grpc.dir\release\http_uri.upb.obj
f:\grpc\grpcsource\grpc\.build\grpc.dir\release\health_check.upb.obj
f:\grpc\grpcsource\grpc\.build\grpc.dir\release\grpc_service.upb.obj
f:\grpc\grpcsource\grpc\.build\grpc.dir\release\extension.upb.obj
f:\grpc\grpcsource\grpc\.build\grpc.dir\release\event_service_config.upb.obj
f:\grpc\grpcsource\grpc\.build\grpc.dir\release\config_source.upb.obj
f:\grpc\grpcsource\grpc\.build\grpc.dir\release\base.upb.obj
f:\grpc\grpcsource\grpc\.build\grpc.dir\release\backoff.upb.obj
f:\grpc\grpcsource\grpc\.build\grpc.dir\release\address.upb.obj
f:\grpc\grpcsource\grpc\.build\grpc.dir\release\outlier_detection.upb.obj
f:\grpc\grpcsource\grpc\.build\grpc.dir\release\filter.upb.obj
f:\grpc\grpcsource\grpc\.build\grpc.dir\release\circuit_breaker.upb.obj
f:\grpc\grpcsource\grpc\.build\grpc.dir\release\accesslog.upb.obj
f:\grpc\grpcsource\grpc\.build\grpc.dir\release\deprecation.upb.obj
f:\grpc\grpcsource\grpc\.build\grpc.dir\release\eds.upb.obj
f:\grpc\grpcsource\grpc\.build\grpc.dir\release\discovery.upb.obj
f:\grpc\grpcsource\grpc\.build\grpc.dir\release\ads.upb.obj
f:\grpc\grpcsource\grpc\.build\grpc.dir\release\cds.upb.obj
f:\grpc\grpcsource\grpc\.build\grpc.dir\release\tls.upb.obj
f:\grpc\grpcsource\grpc\.build\grpc.dir\release\secret.upb.obj
f:\grpc\grpcsource\grpc\.build\grpc.dir\release\common.upb.obj
f:\grpc\grpcsource\grpc\.build\grpc.dir\release\cert.upb.obj
f:\grpc\grpcsource\grpc\.build\grpc.dir\release\http_connection_manager.upb.obj
f:\grpc\grpcsource\grpc\.build\grpc.dir\release\router.upb.obj
f:\grpc\grpcsource\grpc\.build\grpc.dir\release\http_tracer.upb.obj
f:\grpc\grpcsource\grpc\.build\grpc.dir\release\scoped_route.upb.obj
f:\grpc\grpcsource\grpc\.build\grpc.dir\release\route_components.upb.obj
f:\grpc\grpcsource\grpc\.build\grpc.dir\release\route.upb.obj
f:\grpc\grpcsource\grpc\.build\grpc.dir\release\rbac.upb.obj
f:\grpc\grpcsource\grpc\.build\grpc.dir\release\udp_listener_config.upb.obj
f:\grpc\grpcsource\grpc\.build\grpc.dir\release\listener_components.upb.obj
f:\grpc\grpcsource\grpc\.build\grpc.dir\release\listener.upb.obj
f:\grpc\grpcsource\grpc\.build\grpc.dir\release\api_listener.upb.obj
f:\grpc\grpcsource\grpc\.build\grpc.dir\release\load_report.upb.obj
f:\grpc\grpcsource\grpc\.build\grpc.dir\release\struct.upb.obj
f:\grpc\grpcsource\grpc\.build\grpc.dir\release\empty.upb.obj
f:\grpc\grpcsource\grpc\.build\grpc.dir\release\duration.upb.obj
f:\grpc\grpcsource\grpc\.build\grpc.dir\release\any.upb.obj
f:\grpc\grpcsource\grpc\.build\grpc.dir\release\syntax.upb.obj
f:\grpc\grpcsource\grpc\.build\grpc.dir\release\checked.upb.obj
f:\grpc\grpcsource\grpc\.build\grpc.dir\release\annotations.upb.obj
f:\grpc\grpcsource\grpc\.build\grpc.dir\release\semantic_version.upb.obj
f:\grpc\grpcsource\grpc\.build\grpc.dir\release\range.upb.obj
f:\grpc\grpcsource\grpc\.build\grpc.dir\release\percent.upb.obj
f:\grpc\grpcsource\grpc\.build\grpc.dir\release\custom_tag.upb.obj
f:\grpc\grpcsource\grpc\.build\grpc.dir\release\value.upb.obj
f:\grpc\grpcsource\grpc\.build\grpc.dir\release\string.upb.obj
f:\grpc\grpcsource\grpc\.build\grpc.dir\release\regex.upb.obj
f:\grpc\grpcsource\grpc\.build\grpc.dir\release\path.upb.obj
f:\grpc\grpcsource\grpc\.build\grpc.dir\release\number.upb.obj
f:\grpc\grpcsource\grpc\.build\grpc.dir\release\srds.upb.obj
f:\grpc\grpcsource\grpc\.build\grpc.dir\release\rds.upb.obj
f:\grpc\grpcsource\grpc\.build\grpc.dir\release\lrs.upb.obj
f:\grpc\grpcsource\grpc\.build\grpc.dir\release\lds.upb.obj
f:\grpc\grpcsource\grpc\.build\grpc.dir\release\deprecation.upbdefs.obj
f:\grpc\grpcsource\grpc\.build\grpc.dir\release\resource_name.upb.obj
f:\grpc\grpcsource\grpc\.build\grpc.dir\release\resource_locator.upb.obj
f:\grpc\grpcsource\grpc\.build\grpc.dir\release\context_params.upb.obj
f:\grpc\grpcsource\grpc\.build\grpc.dir\release\collection_entry.upb.obj
f:\grpc\grpcsource\grpc\.build\grpc.dir\release\authority.upb.obj
f:\grpc\grpcsource\grpc\.build\grpc.dir\release\validate.upb.obj
f:\grpc\grpcsource\grpc\.build\grpc.dir\release\typed_struct.upb.obj
f:\grpc\grpcsource\grpc\.build\grpc.dir\release\orca_load_report.upb.obj
f:\grpc\grpcsource\grpc\.build\grpc.dir\release\versioning.upb.obj
f:\grpc\grpcsource\grpc\.build\grpc.dir\release\sensitive.upb.obj
f:\grpc\grpcsource\grpc\.build\grpc.dir\release\security.upb.obj
f:\grpc\grpcsource\grpc\.build\grpc.dir\release\migrate.upb.obj
f:\grpc\grpcsource\grpc\.build\grpc.dir\release\load_balancer.upb.obj
f:\grpc\grpcsource\grpc\.build\grpc.dir\release\health.upb.obj
f:\grpc\grpcsource\grpc\.build\grpc.dir\release\transport_security_common.upb.obj
f:\grpc\grpcsource\grpc\.build\grpc.dir\release\handshaker.upb.obj
f:\grpc\grpcsource\grpc\.build\grpc.dir\release\altscontext.upb.obj
f:\grpc\grpcsource\grpc\.build\grpc.dir\release\wrappers.upb.obj
f:\grpc\grpcsource\grpc\.build\grpc.dir\release\timestamp.upb.obj
f:\grpc\grpcsource\grpc\.build\grpc.dir\release\load_report.upbdefs.obj
f:\grpc\grpcsource\grpc\.build\grpc.dir\release\endpoint_components.upbdefs.obj
f:\grpc\grpcsource\grpc\.build\grpc.dir\release\endpoint.upbdefs.obj
f:\grpc\grpcsource\grpc\.build\grpc.dir\release\substitution_format_string.upbdefs.obj
f:\grpc\grpcsource\grpc\.build\grpc.dir\release\socket_option.upbdefs.obj
f:\grpc\grpcsource\grpc\.build\grpc.dir\release\proxy_protocol.upbdefs.obj
f:\grpc\grpcsource\grpc\.build\grpc.dir\release\protocol.upbdefs.obj
f:\grpc\grpcsource\grpc\.build\grpc.dir\release\http_uri.upbdefs.obj
f:\grpc\grpcsource\grpc\.build\grpc.dir\release\health_check.upbdefs.obj
f:\grpc\grpcsource\grpc\.build\grpc.dir\release\grpc_service.upbdefs.obj
f:\grpc\grpcsource\grpc\.build\grpc.dir\release\extension.upbdefs.obj
f:\grpc\grpcsource\grpc\.build\grpc.dir\release\event_service_config.upbdefs.obj
f:\grpc\grpcsource\grpc\.build\grpc.dir\release\config_source.upbdefs.obj
f:\grpc\grpcsource\grpc\.build\grpc.dir\release\base.upbdefs.obj
f:\grpc\grpcsource\grpc\.build\grpc.dir\release\backoff.upbdefs.obj
f:\grpc\grpcsource\grpc\.build\grpc.dir\release\address.upbdefs.obj
f:\grpc\grpcsource\grpc\.build\grpc.dir\release\outlier_detection.upbdefs.obj
f:\grpc\grpcsource\grpc\.build\grpc.dir\release\filter.upbdefs.obj
f:\grpc\grpcsource\grpc\.build\grpc.dir\release\circuit_breaker.upbdefs.obj
f:\grpc\grpcsource\grpc\.build\grpc.dir\release\accesslog.upbdefs.obj
f:\grpc\grpcsource\grpc\.build\grpc.dir\release\lrs.upbdefs.obj
f:\grpc\grpcsource\grpc\.build\grpc.dir\release\lds.upbdefs.obj
f:\grpc\grpcsource\grpc\.build\grpc.dir\release\eds.upbdefs.obj
f:\grpc\grpcsource\grpc\.build\grpc.dir\release\discovery.upbdefs.obj
f:\grpc\grpcsource\grpc\.build\grpc.dir\release\ads.upbdefs.obj
f:\grpc\grpcsource\grpc\.build\grpc.dir\release\cds.upbdefs.obj
f:\grpc\grpcsource\grpc\.build\grpc.dir\release\tls.upbdefs.obj
f:\grpc\grpcsource\grpc\.build\grpc.dir\release\secret.upbdefs.obj
f:\grpc\grpcsource\grpc\.build\grpc.dir\release\common.upbdefs.obj
f:\grpc\grpcsource\grpc\.build\grpc.dir\release\cert.upbdefs.obj
f:\grpc\grpcsource\grpc\.build\grpc.dir\release\http_connection_manager.upbdefs.obj
f:\grpc\grpcsource\grpc\.build\grpc.dir\release\router.upbdefs.obj
f:\grpc\grpcsource\grpc\.build\grpc.dir\release\http_tracer.upbdefs.obj
f:\grpc\grpcsource\grpc\.build\grpc.dir\release\scoped_route.upbdefs.obj
f:\grpc\grpcsource\grpc\.build\grpc.dir\release\route_components.upbdefs.obj
f:\grpc\grpcsource\grpc\.build\grpc.dir\release\route.upbdefs.obj
f:\grpc\grpcsource\grpc\.build\grpc.dir\release\udp_listener_config.upbdefs.obj
f:\grpc\grpcsource\grpc\.build\grpc.dir\release\listener_components.upbdefs.obj
f:\grpc\grpcsource\grpc\.build\grpc.dir\release\listener.upbdefs.obj
f:\grpc\grpcsource\grpc\.build\grpc.dir\release\api_listener.upbdefs.obj
f:\grpc\grpcsource\grpc\.build\grpc.dir\release\security.upbdefs.obj
f:\grpc\grpcsource\grpc\.build\grpc.dir\release\migrate.upbdefs.obj
f:\grpc\grpcsource\grpc\.build\grpc.dir\release\wrappers.upbdefs.obj
f:\grpc\grpcsource\grpc\.build\grpc.dir\release\timestamp.upbdefs.obj
f:\grpc\grpcsource\grpc\.build\grpc.dir\release\struct.upbdefs.obj
f:\grpc\grpcsource\grpc\.build\grpc.dir\release\empty.upbdefs.obj
f:\grpc\grpcsource\grpc\.build\grpc.dir\release\duration.upbdefs.obj
f:\grpc\grpcsource\grpc\.build\grpc.dir\release\any.upbdefs.obj
f:\grpc\grpcsource\grpc\.build\grpc.dir\release\annotations.upbdefs.obj
f:\grpc\grpcsource\grpc\.build\grpc.dir\release\semantic_version.upbdefs.obj
f:\grpc\grpcsource\grpc\.build\grpc.dir\release\range.upbdefs.obj
f:\grpc\grpcsource\grpc\.build\grpc.dir\release\percent.upbdefs.obj
f:\grpc\grpcsource\grpc\.build\grpc.dir\release\custom_tag.upbdefs.obj
f:\grpc\grpcsource\grpc\.build\grpc.dir\release\value.upbdefs.obj
f:\grpc\grpcsource\grpc\.build\grpc.dir\release\string.upbdefs.obj
f:\grpc\grpcsource\grpc\.build\grpc.dir\release\regex.upbdefs.obj
f:\grpc\grpcsource\grpc\.build\grpc.dir\release\path.upbdefs.obj
f:\grpc\grpcsource\grpc\.build\grpc.dir\release\number.upbdefs.obj
f:\grpc\grpcsource\grpc\.build\grpc.dir\release\srds.upbdefs.obj
f:\grpc\grpcsource\grpc\.build\grpc.dir\release\rds.upbdefs.obj
f:\grpc\grpcsource\grpc\.build\grpc.dir\release\resource_name.upbdefs.obj
f:\grpc\grpcsource\grpc\.build\grpc.dir\release\resource_locator.upbdefs.obj
f:\grpc\grpcsource\grpc\.build\grpc.dir\release\context_params.upbdefs.obj
f:\grpc\grpcsource\grpc\.build\grpc.dir\release\collection_entry.upbdefs.obj
f:\grpc\grpcsource\grpc\.build\grpc.dir\release\authority.upbdefs.obj
f:\grpc\grpcsource\grpc\.build\grpc.dir\release\validate.upbdefs.obj
f:\grpc\grpcsource\grpc\.build\grpc.dir\release\typed_struct.upbdefs.obj
f:\grpc\grpcsource\grpc\.build\grpc.dir\release\versioning.upbdefs.obj
f:\grpc\grpcsource\grpc\.build\grpc.dir\release\sensitive.upbdefs.obj
f:\grpc\grpcsource\grpc\.build\grpc.dir\release\src\core\ext\upb-generated\envoy\annotations\resource.upb.c.obj
f:\grpc\grpcsource\grpc\.build\grpc.dir\release\src\core\ext\upb-generated\envoy\config\cluster\v3\cluster.upb.c.obj
f:\grpc\grpcsource\grpc\.build\grpc.dir\release\src\core\ext\upb-generated\envoy\extensions\clusters\aggregate\v3\cluster.upb.c.obj
f:\grpc\grpcsource\grpc\.build\grpc.dir\release\src\core\ext\upb-generated\envoy\type\matcher\v3\metadata.upb.c.obj
f:\grpc\grpcsource\grpc\.build\grpc.dir\release\src\core\ext\upb-generated\envoy\type\metadata\v3\metadata.upb.c.obj
f:\grpc\grpcsource\grpc\.build\grpc.dir\release\src\core\ext\upb-generated\envoy\type\v3\http.upb.c.obj
f:\grpc\grpcsource\grpc\.build\grpc.dir\release\src\core\ext\upb-generated\google\api\http.upb.c.obj
f:\grpc\grpcsource\grpc\.build\grpc.dir\release\src\core\ext\upb-generated\google\rpc\status.upb.c.obj
f:\grpc\grpcsource\grpc\.build\grpc.dir\release\src\core\ext\upb-generated\udpa\annotations\status.upb.c.obj
f:\grpc\grpcsource\grpc\.build\grpc.dir\release\src\core\ext\upb-generated\xds\core\v3\resource.upb.c.obj
f:\grpc\grpcsource\grpc\.build\grpc.dir\release\src\core\ext\upbdefs-generated\envoy\annotations\resource.upbdefs.c.obj
f:\grpc\grpcsource\grpc\.build\grpc.dir\release\src\core\ext\upbdefs-generated\envoy\config\cluster\v3\cluster.upbdefs.c.obj
f:\grpc\grpcsource\grpc\.build\grpc.dir\release\src\core\ext\upbdefs-generated\envoy\extensions\clusters\aggregate\v3\cluster.upbdefs.c.obj
f:\grpc\grpcsource\grpc\.build\grpc.dir\release\src\core\ext\upbdefs-generated\envoy\type\matcher\v3\metadata.upbdefs.c.obj
f:\grpc\grpcsource\grpc\.build\grpc.dir\release\src\core\ext\upbdefs-generated\envoy\type\metadata\v3\metadata.upbdefs.c.obj
f:\grpc\grpcsource\grpc\.build\grpc.dir\release\src\core\ext\upbdefs-generated\envoy\type\v3\http.upbdefs.c.obj
f:\grpc\grpcsource\grpc\.build\grpc.dir\release\src\core\ext\upbdefs-generated\google\api\http.upbdefs.c.obj
f:\grpc\grpcsource\grpc\.build\grpc.dir\release\src\core\ext\upbdefs-generated\google\rpc\status.upbdefs.c.obj
f:\grpc\grpcsource\grpc\.build\grpc.dir\release\src\core\ext\upbdefs-generated\udpa\annotations\status.upbdefs.c.obj
f:\grpc\grpcsource\grpc\.build\grpc.dir\release\src\core\ext\upbdefs-generated\xds\core\v3\resource.upbdefs.c.obj
f:\grpc\grpcsource\grpc\.build\grpc.dir\release\src\core\lib\json\json_util.cc.obj
f:\grpc\grpcsource\grpc\.build\grpc.dir\release\src\core\lib\security\util\json_util.cc.obj
f:\grpc\grpcsource\grpc\.build\cmakefiles\generate.stamp
f:\grpc\grpcsource\grpc\.build\release\grpc.lib
f:\grpc\grpcsource\grpc\.build\grpc.dir\release\grpc.tlog\cl.command.1.tlog
f:\grpc\grpcsource\grpc\.build\grpc.dir\release\grpc.tlog\cl.read.1.tlog
f:\grpc\grpcsource\grpc\.build\grpc.dir\release\grpc.tlog\cl.write.1.tlog
f:\grpc\grpcsource\grpc\.build\grpc.dir\release\grpc.tlog\custombuild.command.1.tlog
f:\grpc\grpcsource\grpc\.build\grpc.dir\release\grpc.tlog\custombuild.read.1.tlog
f:\grpc\grpcsource\grpc\.build\grpc.dir\release\grpc.tlog\custombuild.write.1.tlog
f:\grpc\grpcsource\grpc\.build\grpc.dir\release\grpc.tlog\lib-link.read.1.tlog
f:\grpc\grpcsource\grpc\.build\grpc.dir\release\grpc.tlog\lib-link.write.1.tlog
f:\grpc\grpcsource\grpc\.build\grpc.dir\release\grpc.tlog\lib.command.1.tlog
